2025-02-25T09:38:10.328+01:00  INFO 7520 --- [backendEcommerce] [restartedMain] c.b.bec.BackendEcommerceApplication      : Starting BackendEcommerceApplication using Java 23.0.1 with PID 7520 (C:\Backend-ecommerce\backendEcommerce\target\classes started by Betacom in C:\Backend-ecommerce\backendEcommerce)
2025-02-25T09:38:10.346+01:00 DEBUG 7520 --- [backendEcommerce] [restartedMain] c.b.bec.BackendEcommerceApplication      : Running with Spring Boot v3.4.2, Spring v6.2.2
2025-02-25T09:38:10.347+01:00  INFO 7520 --- [backendEcommerce] [restartedMain] c.b.bec.BackendEcommerceApplication      : The following 1 profile is active: "sviluppo"
2025-02-25T09:38:10.526+01:00  INFO 7520 --- [backendEcommerce] [restartedMain] .e.DevToolsPropertyDefaultsPostProcessor : Devtools property defaults active! Set 'spring.devtools.add-properties' to 'false' to disable
2025-02-25T09:38:10.527+01:00  INFO 7520 --- [backendEcommerce] [restartedMain] .e.DevToolsPropertyDefaultsPostProcessor : For additional web related logging consider setting the 'logging.level.web' property to 'DEBUG'
2025-02-25T09:38:12.872+01:00  INFO 7520 --- [backendEcommerce] [restartedMain] .s.d.r.c.RepositoryConfigurationDelegate : Bootstrapping Spring Data JPA repositories in DEFAULT mode.
2025-02-25T09:38:13.041+01:00  INFO 7520 --- [backendEcommerce] [restartedMain] .s.d.r.c.RepositoryConfigurationDelegate : Finished Spring Data repository scanning in 144 ms. Found 8 JPA repository interfaces.
2025-02-25T09:38:14.481+01:00  INFO 7520 --- [backendEcommerce] [restartedMain] o.s.b.w.embedded.tomcat.TomcatWebServer  : Tomcat initialized with port 9090 (http)
2025-02-25T09:38:14.524+01:00  INFO 7520 --- [backendEcommerce] [restartedMain] o.apache.catalina.core.StandardService   : Starting service [Tomcat]
2025-02-25T09:38:14.525+01:00  INFO 7520 --- [backendEcommerce] [restartedMain] o.apache.catalina.core.StandardEngine    : Starting Servlet engine: [Apache Tomcat/10.1.34]
2025-02-25T09:38:14.671+01:00  INFO 7520 --- [backendEcommerce] [restartedMain] o.a.c.c.C.[Tomcat].[localhost].[/]       : Initializing Spring embedded WebApplicationContext
2025-02-25T09:38:14.671+01:00  INFO 7520 --- [backendEcommerce] [restartedMain] w.s.c.ServletWebServerApplicationContext : Root WebApplicationContext: initialization completed in 4142 ms
2025-02-25T09:38:14.992+01:00  INFO 7520 --- [backendEcommerce] [restartedMain] com.zaxxer.hikari.HikariDataSource       : HikariPool-1 - Starting...
2025-02-25T09:38:15.947+01:00  INFO 7520 --- [backendEcommerce] [restartedMain] com.zaxxer.hikari.pool.HikariPool        : HikariPool-1 - Added connection com.mysql.cj.jdbc.ConnectionImpl@25d11d57
2025-02-25T09:38:15.956+01:00  INFO 7520 --- [backendEcommerce] [restartedMain] com.zaxxer.hikari.HikariDataSource       : HikariPool-1 - Start completed.
2025-02-25T09:38:16.220+01:00  INFO 7520 --- [backendEcommerce] [restartedMain] o.hibernate.jpa.internal.util.LogHelper  : HHH000204: Processing PersistenceUnitInfo [name: default]
2025-02-25T09:38:16.453+01:00  INFO 7520 --- [backendEcommerce] [restartedMain] org.hibernate.Version                    : HHH000412: Hibernate ORM core version 6.6.5.Final
2025-02-25T09:38:16.545+01:00  INFO 7520 --- [backendEcommerce] [restartedMain] o.h.c.internal.RegionFactoryInitiator    : HHH000026: Second-level cache disabled
2025-02-25T09:38:17.147+01:00  INFO 7520 --- [backendEcommerce] [restartedMain] o.s.o.j.p.SpringPersistenceUnitInfo      : No LoadTimeWeaver setup: ignoring JPA class transformer
2025-02-25T09:38:17.367+01:00  INFO 7520 --- [backendEcommerce] [restartedMain] org.hibernate.orm.connections.pooling    : HHH10001005: Database info:
	Database JDBC URL [Connecting through datasource 'HikariDataSource (HikariPool-1)']
	Database driver: undefined/unknown
	Database version: 8.0.40
	Autocommit mode: undefined/unknown
	Isolation level: undefined/unknown
	Minimum pool size: undefined/unknown
	Maximum pool size: undefined/unknown
2025-02-25T09:38:17.949+01:00  WARN 7520 --- [backendEcommerce] [restartedMain] org.hibernate.mapping.RootClass          : HHH000038: Composite-id class does not override equals(): com.betacom.bec.models.MessageID
2025-02-25T09:38:17.949+01:00  WARN 7520 --- [backendEcommerce] [restartedMain] org.hibernate.mapping.RootClass          : HHH000039: Composite-id class does not override hashCode(): com.betacom.bec.models.MessageID
2025-02-25T09:38:19.056+01:00  INFO 7520 --- [backendEcommerce] [restartedMain] o.h.e.t.j.p.i.JtaPlatformInitiator       : HHH000489: No JTA platform available (set 'hibernate.transaction.jta.platform' to enable JTA platform integration)
2025-02-25T09:38:19.098+01:00  INFO 7520 --- [backendEcommerce] [restartedMain] j.LocalContainerEntityManagerFactoryBean : Initialized JPA EntityManagerFactory for persistence unit 'default'
2025-02-25T09:38:19.913+01:00  INFO 7520 --- [backendEcommerce] [restartedMain] o.s.d.j.r.query.QueryEnhancerFactory     : Hibernate is in classpath; If applicable, HQL parser will be used.
2025-02-25T09:38:21.949+01:00  WARN 7520 --- [backendEcommerce] [restartedMain] JpaBaseConfiguration$JpaWebConfiguration : spring.jpa.open-in-view is enabled by default. Therefore, database queries may be performed during view rendering. Explicitly configure spring.jpa.open-in-view to disable this warning
2025-02-25T09:38:22.651+01:00  WARN 7520 --- [backendEcommerce] [restartedMain] ion$DefaultTemplateResolverConfiguration : Cannot find template location: classpath:/templates/ (please add some templates, check your Thymeleaf configuration, or set spring.thymeleaf.check-template-location=false)
2025-02-25T09:38:22.915+01:00  INFO 7520 --- [backendEcommerce] [restartedMain] o.s.b.d.a.OptionalLiveReloadServer       : LiveReload server is running on port 35729
2025-02-25T09:38:22.982+01:00  INFO 7520 --- [backendEcommerce] [restartedMain] o.s.b.w.embedded.tomcat.TomcatWebServer  : Tomcat started on port 9090 (http) with context path '/'
2025-02-25T09:38:23.002+01:00  INFO 7520 --- [backendEcommerce] [restartedMain] c.b.bec.BackendEcommerceApplication      : Started BackendEcommerceApplication in 13.597 seconds (process running for 14.782)
2025-02-25T09:38:41.667+01:00  INFO 7520 --- [backendEcommerce] [http-nio-9090-exec-1] o.a.c.c.C.[Tomcat].[localhost].[/]       : Initializing Spring DispatcherServlet 'dispatcherServlet'
2025-02-25T09:38:41.667+01:00  INFO 7520 --- [backendEcommerce] [http-nio-9090-exec-1] o.s.web.servlet.DispatcherServlet        : Initializing Servlet 'dispatcherServlet'
2025-02-25T09:38:41.670+01:00  INFO 7520 --- [backendEcommerce] [http-nio-9090-exec-1] o.s.web.servlet.DispatcherServlet        : Completed initialization in 2 ms
2025-02-25T09:38:41.747+01:00 DEBUG 7520 --- [backendEcommerce] [http-nio-9090-exec-1] c.b.bec.controller.UtenteController      : listSecurity 
2025-02-25T09:42:04.538+01:00 DEBUG 7520 --- [backendEcommerce] [http-nio-9090-exec-3] c.b.bec.controller.UtenteController      : listSecurity 
2025-02-25T09:56:52.580+01:00 DEBUG 7520 --- [backendEcommerce] [http-nio-9090-exec-5] c.b.bec.controller.PagamentoController   : Recupero della lista completa dei pagamenti
2025-02-25T09:56:52.632+01:00 DEBUG 7520 --- [backendEcommerce] [http-nio-9090-exec-5] c.b.b.s.implementations.PagamentoImpl    : Pagamento ID: 1, User ID: 1
2025-02-25T09:56:52.723+01:00  WARN 7520 --- [backendEcommerce] [http-nio-9090-exec-5] .w.s.m.s.DefaultHandlerExceptionResolver : Ignoring exception, response committed already: org.springframework.http.converter.HttpMessageNotWritableException: Could not write JSON: Document nesting depth (1001) exceeds the maximum allowed (1000, from `StreamWriteConstraints.getMaxNestingDepth()`)
2025-02-25T09:56:52.724+01:00  WARN 7520 --- [backendEcommerce] [http-nio-9090-exec-5] .w.s.m.s.DefaultHandlerExceptionResolver : Resolved [org.springframework.http.converter.HttpMessageNotWritableException: Could not write JSON: Document nesting depth (1001) exceeds the maximum allowed (1000, from `StreamWriteConstraints.getMaxNestingDepth()`)]
2025-02-25T09:57:28.961+01:00 DEBUG 7520 --- [backendEcommerce] [http-nio-9090-exec-8] c.b.bec.controller.PagamentoController   : Recupero della lista completa dei pagamenti
2025-02-25T09:57:28.979+01:00 DEBUG 7520 --- [backendEcommerce] [http-nio-9090-exec-8] c.b.b.s.implementations.PagamentoImpl    : Pagamento ID: 1, User ID: 1
2025-02-25T09:57:29.005+01:00  WARN 7520 --- [backendEcommerce] [http-nio-9090-exec-8] .w.s.m.s.DefaultHandlerExceptionResolver : Ignoring exception, response committed already: org.springframework.http.converter.HttpMessageNotWritableException: Could not write JSON: Document nesting depth (1001) exceeds the maximum allowed (1000, from `StreamWriteConstraints.getMaxNestingDepth()`)
2025-02-25T09:57:29.005+01:00  WARN 7520 --- [backendEcommerce] [http-nio-9090-exec-8] .w.s.m.s.DefaultHandlerExceptionResolver : Resolved [org.springframework.http.converter.HttpMessageNotWritableException: Could not write JSON: Document nesting depth (1001) exceeds the maximum allowed (1000, from `StreamWriteConstraints.getMaxNestingDepth()`)]
2025-02-25T10:03:33.813+01:00  INFO 7520 --- [backendEcommerce] [File Watcher] rtingClassPathChangeChangedEventListener : Restarting due to 2 class path changes (0 additions, 0 deletions, 2 modifications)
2025-02-25T10:03:33.823+01:00  INFO 7520 --- [backendEcommerce] [Thread-5] o.s.b.w.e.tomcat.GracefulShutdown        : Commencing graceful shutdown. Waiting for active requests to complete
2025-02-25T10:03:33.840+01:00  INFO 7520 --- [backendEcommerce] [tomcat-shutdown] o.s.b.w.e.tomcat.GracefulShutdown        : Graceful shutdown complete
2025-02-25T10:03:33.847+01:00  INFO 7520 --- [backendEcommerce] [Thread-5] j.LocalContainerEntityManagerFactoryBean : Closing JPA EntityManagerFactory for persistence unit 'default'
2025-02-25T10:03:33.858+01:00  INFO 7520 --- [backendEcommerce] [Thread-5] com.zaxxer.hikari.HikariDataSource       : HikariPool-1 - Shutdown initiated...
2025-02-25T10:03:33.879+01:00  INFO 7520 --- [backendEcommerce] [Thread-5] com.zaxxer.hikari.HikariDataSource       : HikariPool-1 - Shutdown completed.
2025-02-25T10:03:34.190+01:00  INFO 7520 --- [backendEcommerce] [restartedMain] c.b.bec.BackendEcommerceApplication      : Starting BackendEcommerceApplication using Java 23.0.1 with PID 7520 (C:\Backend-ecommerce\backendEcommerce\target\classes started by Betacom in C:\Backend-ecommerce\backendEcommerce)
2025-02-25T10:03:34.192+01:00 DEBUG 7520 --- [backendEcommerce] [restartedMain] c.b.bec.BackendEcommerceApplication      : Running with Spring Boot v3.4.2, Spring v6.2.2
2025-02-25T10:03:34.192+01:00  INFO 7520 --- [backendEcommerce] [restartedMain] c.b.bec.BackendEcommerceApplication      : The following 1 profile is active: "sviluppo"
2025-02-25T10:03:34.741+01:00  INFO 7520 --- [backendEcommerce] [restartedMain] .s.d.r.c.RepositoryConfigurationDelegate : Bootstrapping Spring Data JPA repositories in DEFAULT mode.
2025-02-25T10:03:34.826+01:00  INFO 7520 --- [backendEcommerce] [restartedMain] .s.d.r.c.RepositoryConfigurationDelegate : Finished Spring Data repository scanning in 80 ms. Found 8 JPA repository interfaces.
2025-02-25T10:03:35.105+01:00  INFO 7520 --- [backendEcommerce] [restartedMain] o.s.b.w.embedded.tomcat.TomcatWebServer  : Tomcat initialized with port 9090 (http)
2025-02-25T10:03:35.107+01:00  INFO 7520 --- [backendEcommerce] [restartedMain] o.apache.catalina.core.StandardService   : Starting service [Tomcat]
2025-02-25T10:03:35.108+01:00  INFO 7520 --- [backendEcommerce] [restartedMain] o.apache.catalina.core.StandardEngine    : Starting Servlet engine: [Apache Tomcat/10.1.34]
2025-02-25T10:03:35.152+01:00  INFO 7520 --- [backendEcommerce] [restartedMain] o.a.c.c.C.[Tomcat].[localhost].[/]       : Initializing Spring embedded WebApplicationContext
2025-02-25T10:03:35.152+01:00  INFO 7520 --- [backendEcommerce] [restartedMain] w.s.c.ServletWebServerApplicationContext : Root WebApplicationContext: initialization completed in 954 ms
2025-02-25T10:03:35.256+01:00  INFO 7520 --- [backendEcommerce] [restartedMain] com.zaxxer.hikari.HikariDataSource       : HikariPool-2 - Starting...
2025-02-25T10:03:35.433+01:00  INFO 7520 --- [backendEcommerce] [restartedMain] com.zaxxer.hikari.pool.HikariPool        : HikariPool-2 - Added connection com.mysql.cj.jdbc.ConnectionImpl@3a48b4a1
2025-02-25T10:03:35.434+01:00  INFO 7520 --- [backendEcommerce] [restartedMain] com.zaxxer.hikari.HikariDataSource       : HikariPool-2 - Start completed.
2025-02-25T10:03:35.470+01:00  INFO 7520 --- [backendEcommerce] [restartedMain] o.hibernate.jpa.internal.util.LogHelper  : HHH000204: Processing PersistenceUnitInfo [name: default]
2025-02-25T10:03:35.479+01:00  INFO 7520 --- [backendEcommerce] [restartedMain] o.h.c.internal.RegionFactoryInitiator    : HHH000026: Second-level cache disabled
2025-02-25T10:03:35.522+01:00  INFO 7520 --- [backendEcommerce] [restartedMain] o.s.o.j.p.SpringPersistenceUnitInfo      : No LoadTimeWeaver setup: ignoring JPA class transformer
2025-02-25T10:03:35.528+01:00  INFO 7520 --- [backendEcommerce] [restartedMain] org.hibernate.orm.connections.pooling    : HHH10001005: Database info:
	Database JDBC URL [Connecting through datasource 'HikariDataSource (HikariPool-2)']
	Database driver: undefined/unknown
	Database version: 8.0.40
	Autocommit mode: undefined/unknown
	Isolation level: undefined/unknown
	Minimum pool size: undefined/unknown
	Maximum pool size: undefined/unknown
2025-02-25T10:03:35.666+01:00  WARN 7520 --- [backendEcommerce] [restartedMain] org.hibernate.mapping.RootClass          : HHH000038: Composite-id class does not override equals(): com.betacom.bec.models.MessageID
2025-02-25T10:03:35.667+01:00  WARN 7520 --- [backendEcommerce] [restartedMain] org.hibernate.mapping.RootClass          : HHH000039: Composite-id class does not override hashCode(): com.betacom.bec.models.MessageID
2025-02-25T10:03:35.966+01:00  INFO 7520 --- [backendEcommerce] [restartedMain] o.h.e.t.j.p.i.JtaPlatformInitiator       : HHH000489: No JTA platform available (set 'hibernate.transaction.jta.platform' to enable JTA platform integration)
2025-02-25T10:03:35.990+01:00  INFO 7520 --- [backendEcommerce] [restartedMain] j.LocalContainerEntityManagerFactoryBean : Initialized JPA EntityManagerFactory for persistence unit 'default'
2025-02-25T10:03:36.461+01:00  WARN 7520 --- [backendEcommerce] [restartedMain] JpaBaseConfiguration$JpaWebConfiguration : spring.jpa.open-in-view is enabled by default. Therefore, database queries may be performed during view rendering. Explicitly configure spring.jpa.open-in-view to disable this warning
2025-02-25T10:03:36.586+01:00  WARN 7520 --- [backendEcommerce] [restartedMain] ion$DefaultTemplateResolverConfiguration : Cannot find template location: classpath:/templates/ (please add some templates, check your Thymeleaf configuration, or set spring.thymeleaf.check-template-location=false)
2025-02-25T10:03:36.650+01:00  INFO 7520 --- [backendEcommerce] [restartedMain] o.s.b.d.a.OptionalLiveReloadServer       : LiveReload server is running on port 35729
2025-02-25T10:03:36.670+01:00  INFO 7520 --- [backendEcommerce] [restartedMain] o.s.b.w.embedded.tomcat.TomcatWebServer  : Tomcat started on port 9090 (http) with context path '/'
2025-02-25T10:03:36.678+01:00  INFO 7520 --- [backendEcommerce] [restartedMain] c.b.bec.BackendEcommerceApplication      : Started BackendEcommerceApplication in 2.609 seconds (process running for 1528.644)
2025-02-25T10:03:36.686+01:00  INFO 7520 --- [backendEcommerce] [restartedMain] .ConditionEvaluationDeltaLoggingListener : Condition evaluation unchanged
2025-02-25T10:04:24.433+01:00  INFO 7520 --- [backendEcommerce] [http-nio-9090-exec-2] o.a.c.c.C.[Tomcat].[localhost].[/]       : Initializing Spring DispatcherServlet 'dispatcherServlet'
2025-02-25T10:04:24.433+01:00  INFO 7520 --- [backendEcommerce] [http-nio-9090-exec-2] o.s.web.servlet.DispatcherServlet        : Initializing Servlet 'dispatcherServlet'
2025-02-25T10:04:24.435+01:00  INFO 7520 --- [backendEcommerce] [http-nio-9090-exec-2] o.s.web.servlet.DispatcherServlet        : Completed initialization in 2 ms
2025-02-25T10:04:24.437+01:00 DEBUG 7520 --- [backendEcommerce] [http-nio-9090-exec-2] c.b.bec.controller.PagamentoController   : Recupero della lista completa dei pagamenti
2025-02-25T10:04:24.477+01:00 DEBUG 7520 --- [backendEcommerce] [http-nio-9090-exec-2] c.b.b.s.implementations.PagamentoImpl    : Pagamento ID: 1, User ID: 1
2025-02-25T10:04:36.213+01:00 DEBUG 7520 --- [backendEcommerce] [http-nio-9090-exec-3] c.b.bec.controller.PagamentoController   : Recupero della lista completa dei pagamenti
2025-02-25T10:04:36.234+01:00 DEBUG 7520 --- [backendEcommerce] [http-nio-9090-exec-3] c.b.b.s.implementations.PagamentoImpl    : Pagamento ID: 1, User ID: 1
2025-02-25T10:07:08.587+01:00  INFO 7520 --- [backendEcommerce] [File Watcher] rtingClassPathChangeChangedEventListener : Restarting due to 2 class path changes (0 additions, 0 deletions, 2 modifications)
2025-02-25T10:07:08.595+01:00  INFO 7520 --- [backendEcommerce] [Thread-7] o.s.b.w.e.tomcat.GracefulShutdown        : Commencing graceful shutdown. Waiting for active requests to complete
2025-02-25T10:07:08.620+01:00  INFO 7520 --- [backendEcommerce] [tomcat-shutdown] o.s.b.w.e.tomcat.GracefulShutdown        : Graceful shutdown complete
2025-02-25T10:07:08.624+01:00  INFO 7520 --- [backendEcommerce] [Thread-7] j.LocalContainerEntityManagerFactoryBean : Closing JPA EntityManagerFactory for persistence unit 'default'
2025-02-25T10:07:08.624+01:00  INFO 7520 --- [backendEcommerce] [Thread-7] com.zaxxer.hikari.HikariDataSource       : HikariPool-2 - Shutdown initiated...
2025-02-25T10:07:08.634+01:00  INFO 7520 --- [backendEcommerce] [Thread-7] com.zaxxer.hikari.HikariDataSource       : HikariPool-2 - Shutdown completed.
2025-02-25T10:07:08.737+01:00  INFO 7520 --- [backendEcommerce] [restartedMain] c.b.bec.BackendEcommerceApplication      : Starting BackendEcommerceApplication using Java 23.0.1 with PID 7520 (C:\Backend-ecommerce\backendEcommerce\target\classes started by Betacom in C:\Backend-ecommerce\backendEcommerce)
2025-02-25T10:07:08.737+01:00 DEBUG 7520 --- [backendEcommerce] [restartedMain] c.b.bec.BackendEcommerceApplication      : Running with Spring Boot v3.4.2, Spring v6.2.2
2025-02-25T10:07:08.737+01:00  INFO 7520 --- [backendEcommerce] [restartedMain] c.b.bec.BackendEcommerceApplication      : The following 1 profile is active: "sviluppo"
2025-02-25T10:07:09.345+01:00  INFO 7520 --- [backendEcommerce] [restartedMain] .s.d.r.c.RepositoryConfigurationDelegate : Bootstrapping Spring Data JPA repositories in DEFAULT mode.
2025-02-25T10:07:09.445+01:00  INFO 7520 --- [backendEcommerce] [restartedMain] .s.d.r.c.RepositoryConfigurationDelegate : Finished Spring Data repository scanning in 96 ms. Found 8 JPA repository interfaces.
2025-02-25T10:07:09.687+01:00  INFO 7520 --- [backendEcommerce] [restartedMain] o.s.b.w.embedded.tomcat.TomcatWebServer  : Tomcat initialized with port 9090 (http)
2025-02-25T10:07:09.693+01:00  INFO 7520 --- [backendEcommerce] [restartedMain] o.apache.catalina.core.StandardService   : Starting service [Tomcat]
2025-02-25T10:07:09.693+01:00  INFO 7520 --- [backendEcommerce] [restartedMain] o.apache.catalina.core.StandardEngine    : Starting Servlet engine: [Apache Tomcat/10.1.34]
2025-02-25T10:07:09.774+01:00  INFO 7520 --- [backendEcommerce] [restartedMain] o.a.c.c.C.[Tomcat].[localhost].[/]       : Initializing Spring embedded WebApplicationContext
2025-02-25T10:07:09.776+01:00  INFO 7520 --- [backendEcommerce] [restartedMain] w.s.c.ServletWebServerApplicationContext : Root WebApplicationContext: initialization completed in 1033 ms
2025-02-25T10:07:09.828+01:00  INFO 7520 --- [backendEcommerce] [restartedMain] com.zaxxer.hikari.HikariDataSource       : HikariPool-3 - Starting...
2025-02-25T10:07:09.863+01:00  INFO 7520 --- [backendEcommerce] [restartedMain] com.zaxxer.hikari.pool.HikariPool        : HikariPool-3 - Added connection com.mysql.cj.jdbc.ConnectionImpl@764ebd12
2025-02-25T10:07:09.864+01:00  INFO 7520 --- [backendEcommerce] [restartedMain] com.zaxxer.hikari.HikariDataSource       : HikariPool-3 - Start completed.
2025-02-25T10:07:09.885+01:00  INFO 7520 --- [backendEcommerce] [restartedMain] o.hibernate.jpa.internal.util.LogHelper  : HHH000204: Processing PersistenceUnitInfo [name: default]
2025-02-25T10:07:09.889+01:00  INFO 7520 --- [backendEcommerce] [restartedMain] o.h.c.internal.RegionFactoryInitiator    : HHH000026: Second-level cache disabled
2025-02-25T10:07:09.922+01:00  INFO 7520 --- [backendEcommerce] [restartedMain] o.s.o.j.p.SpringPersistenceUnitInfo      : No LoadTimeWeaver setup: ignoring JPA class transformer
2025-02-25T10:07:09.928+01:00  INFO 7520 --- [backendEcommerce] [restartedMain] org.hibernate.orm.connections.pooling    : HHH10001005: Database info:
	Database JDBC URL [Connecting through datasource 'HikariDataSource (HikariPool-3)']
	Database driver: undefined/unknown
	Database version: 8.0.40
	Autocommit mode: undefined/unknown
	Isolation level: undefined/unknown
	Minimum pool size: undefined/unknown
	Maximum pool size: undefined/unknown
2025-02-25T10:07:09.972+01:00 ERROR 7520 --- [backendEcommerce] [restartedMain] j.LocalContainerEntityManagerFactoryBean : Failed to initialize JPA EntityManagerFactory: Collection 'com.betacom.bec.models.Utente.pagamenti' is 'mappedBy' a property named 'utente' which does not exist in the target entity 'com.betacom.bec.models.Pagamento'
2025-02-25T10:07:09.973+01:00  WARN 7520 --- [backendEcommerce] [restartedMain] ConfigServletWebServerApplicationContext : Exception encountered during context initialization - cancelling refresh attempt: org.springframework.beans.factory.BeanCreationException: Error creating bean with name 'entityManagerFactory' defined in class path resource [org/springframework/boot/autoconfigure/orm/jpa/HibernateJpaConfiguration.class]: Collection 'com.betacom.bec.models.Utente.pagamenti' is 'mappedBy' a property named 'utente' which does not exist in the target entity 'com.betacom.bec.models.Pagamento'
2025-02-25T10:07:09.974+01:00  INFO 7520 --- [backendEcommerce] [restartedMain] com.zaxxer.hikari.HikariDataSource       : HikariPool-3 - Shutdown initiated...
2025-02-25T10:07:09.977+01:00  INFO 7520 --- [backendEcommerce] [restartedMain] com.zaxxer.hikari.HikariDataSource       : HikariPool-3 - Shutdown completed.
2025-02-25T10:07:09.978+01:00  INFO 7520 --- [backendEcommerce] [restartedMain] o.apache.catalina.core.StandardService   : Stopping service [Tomcat]
2025-02-25T10:07:10.002+01:00  INFO 7520 --- [backendEcommerce] [restartedMain] .s.b.a.l.ConditionEvaluationReportLogger : 

Error starting ApplicationContext. To display the condition evaluation report re-run your application with 'debug' enabled.
2025-02-25T10:07:10.084+01:00 ERROR 7520 --- [backendEcommerce] [restartedMain] o.s.boot.SpringApplication               : Application run failed

org.springframework.beans.factory.BeanCreationException: Error creating bean with name 'entityManagerFactory' defined in class path resource [org/springframework/boot/autoconfigure/orm/jpa/HibernateJpaConfiguration.class]: Collection 'com.betacom.bec.models.Utente.pagamenti' is 'mappedBy' a property named 'utente' which does not exist in the target entity 'com.betacom.bec.models.Pagamento'
	at org.springframework.beans.factory.support.AbstractAutowireCapableBeanFactory.initializeBean(AbstractAutowireCapableBeanFactory.java:1812) ~[spring-beans-6.2.2.jar:6.2.2]
	at org.springframework.beans.factory.support.AbstractAutowireCapableBeanFactory.doCreateBean(AbstractAutowireCapableBeanFactory.java:601) ~[spring-beans-6.2.2.jar:6.2.2]
	at org.springframework.beans.factory.support.AbstractAutowireCapableBeanFactory.createBean(AbstractAutowireCapableBeanFactory.java:523) ~[spring-beans-6.2.2.jar:6.2.2]
	at org.springframework.beans.factory.support.AbstractBeanFactory.lambda$doGetBean$0(AbstractBeanFactory.java:336) ~[spring-beans-6.2.2.jar:6.2.2]
	at org.springframework.beans.factory.support.DefaultSingletonBeanRegistry.getSingleton(DefaultSingletonBeanRegistry.java:307) ~[spring-beans-6.2.2.jar:6.2.2]
	at org.springframework.beans.factory.support.AbstractBeanFactory.doGetBean(AbstractBeanFactory.java:334) ~[spring-beans-6.2.2.jar:6.2.2]
	at org.springframework.beans.factory.support.AbstractBeanFactory.getBean(AbstractBeanFactory.java:204) ~[spring-beans-6.2.2.jar:6.2.2]
	at org.springframework.context.support.AbstractApplicationContext.finishBeanFactoryInitialization(AbstractApplicationContext.java:970) ~[spring-context-6.2.2.jar:6.2.2]
	at org.springframework.context.support.AbstractApplicationContext.refresh(AbstractApplicationContext.java:627) ~[spring-context-6.2.2.jar:6.2.2]
	at org.springframework.boot.web.servlet.context.ServletWebServerApplicationContext.refresh(ServletWebServerApplicationContext.java:146) ~[spring-boot-3.4.2.jar:3.4.2]
	at org.springframework.boot.SpringApplication.refresh(SpringApplication.java:752) ~[spring-boot-3.4.2.jar:3.4.2]
	at org.springframework.boot.SpringApplication.refreshContext(SpringApplication.java:439) ~[spring-boot-3.4.2.jar:3.4.2]
	at org.springframework.boot.SpringApplication.run(SpringApplication.java:318) ~[spring-boot-3.4.2.jar:3.4.2]
	at org.springframework.boot.SpringApplication.run(SpringApplication.java:1361) ~[spring-boot-3.4.2.jar:3.4.2]
	at org.springframework.boot.SpringApplication.run(SpringApplication.java:1350) ~[spring-boot-3.4.2.jar:3.4.2]
	at com.betacom.bec.BackendEcommerceApplication.main(BackendEcommerceApplication.java:15) ~[classes/:na]
	at java.base/jdk.internal.reflect.DirectMethodHandleAccessor.invoke(DirectMethodHandleAccessor.java:103) ~[na:na]
	at java.base/java.lang.reflect.Method.invoke(Method.java:580) ~[na:na]
	at org.springframework.boot.devtools.restart.RestartLauncher.run(RestartLauncher.java:50) ~[spring-boot-devtools-3.4.2.jar:3.4.2]
Caused by: org.hibernate.AnnotationException: Collection 'com.betacom.bec.models.Utente.pagamenti' is 'mappedBy' a property named 'utente' which does not exist in the target entity 'com.betacom.bec.models.Pagamento'
	at org.hibernate.boot.model.internal.CollectionBinder.isReversePropertyInJoin(CollectionBinder.java:1638) ~[hibernate-core-6.6.5.Final.jar:6.6.5.Final]
	at org.hibernate.boot.model.internal.CollectionBinder.noAssociationTable(CollectionBinder.java:1652) ~[hibernate-core-6.6.5.Final.jar:6.6.5.Final]
	at org.hibernate.boot.model.internal.CollectionBinder.bindStarToManySecondPass(CollectionBinder.java:1613) ~[hibernate-core-6.6.5.Final.jar:6.6.5.Final]
	at org.hibernate.boot.model.internal.CollectionBinder$1.secondPass(CollectionBinder.java:1604) ~[hibernate-core-6.6.5.Final.jar:6.6.5.Final]
	at org.hibernate.boot.model.internal.CollectionSecondPass.doSecondPass(CollectionSecondPass.java:45) ~[hibernate-core-6.6.5.Final.jar:6.6.5.Final]
	at org.hibernate.boot.internal.InFlightMetadataCollectorImpl.processSecondPasses(InFlightMetadataCollectorImpl.java:1842) ~[hibernate-core-6.6.5.Final.jar:6.6.5.Final]
	at org.hibernate.boot.internal.InFlightMetadataCollectorImpl.processSecondPasses(InFlightMetadataCollectorImpl.java:1800) ~[hibernate-core-6.6.5.Final.jar:6.6.5.Final]
	at org.hibernate.boot.model.process.spi.MetadataBuildingProcess.complete(MetadataBuildingProcess.java:334) ~[hibernate-core-6.6.5.Final.jar:6.6.5.Final]
	at org.hibernate.jpa.boot.internal.EntityManagerFactoryBuilderImpl.metadata(EntityManagerFactoryBuilderImpl.java:1431) ~[hibernate-core-6.6.5.Final.jar:6.6.5.Final]
	at org.hibernate.jpa.boot.internal.EntityManagerFactoryBuilderImpl.build(EntityManagerFactoryBuilderImpl.java:1502) ~[hibernate-core-6.6.5.Final.jar:6.6.5.Final]
	at org.springframework.orm.jpa.vendor.SpringHibernateJpaPersistenceProvider.createContainerEntityManagerFactory(SpringHibernateJpaPersistenceProvider.java:66) ~[spring-orm-6.2.2.jar:6.2.2]
	at org.springframework.orm.jpa.LocalContainerEntityManagerFactoryBean.createNativeEntityManagerFactory(LocalContainerEntityManagerFactoryBean.java:390) ~[spring-orm-6.2.2.jar:6.2.2]
	at org.springframework.orm.jpa.AbstractEntityManagerFactoryBean.buildNativeEntityManagerFactory(AbstractEntityManagerFactoryBean.java:419) ~[spring-orm-6.2.2.jar:6.2.2]
	at org.springframework.orm.jpa.AbstractEntityManagerFactoryBean.afterPropertiesSet(AbstractEntityManagerFactoryBean.java:400) ~[spring-orm-6.2.2.jar:6.2.2]
	at org.springframework.orm.jpa.LocalContainerEntityManagerFactoryBean.afterPropertiesSet(LocalContainerEntityManagerFactoryBean.java:366) ~[spring-orm-6.2.2.jar:6.2.2]
	at org.springframework.beans.factory.support.AbstractAutowireCapableBeanFactory.invokeInitMethods(AbstractAutowireCapableBeanFactory.java:1859) ~[spring-beans-6.2.2.jar:6.2.2]
	at org.springframework.beans.factory.support.AbstractAutowireCapableBeanFactory.initializeBean(AbstractAutowireCapableBeanFactory.java:1808) ~[spring-beans-6.2.2.jar:6.2.2]
	... 18 common frames omitted

2025-02-25T10:08:49.326+01:00  INFO 7520 --- [backendEcommerce] [restartedMain] c.b.bec.BackendEcommerceApplication      : Starting BackendEcommerceApplication using Java 23.0.1 with PID 7520 (C:\Backend-ecommerce\backendEcommerce\target\classes started by Betacom in C:\Backend-ecommerce\backendEcommerce)
2025-02-25T10:08:49.331+01:00 DEBUG 7520 --- [backendEcommerce] [restartedMain] c.b.bec.BackendEcommerceApplication      : Running with Spring Boot v3.4.2, Spring v6.2.2
2025-02-25T10:08:49.332+01:00  INFO 7520 --- [backendEcommerce] [restartedMain] c.b.bec.BackendEcommerceApplication      : The following 1 profile is active: "sviluppo"
2025-02-25T10:08:49.830+01:00  INFO 7520 --- [backendEcommerce] [restartedMain] .s.d.r.c.RepositoryConfigurationDelegate : Bootstrapping Spring Data JPA repositories in DEFAULT mode.
2025-02-25T10:08:49.901+01:00  INFO 7520 --- [backendEcommerce] [restartedMain] .s.d.r.c.RepositoryConfigurationDelegate : Finished Spring Data repository scanning in 70 ms. Found 8 JPA repository interfaces.
2025-02-25T10:08:50.081+01:00  INFO 7520 --- [backendEcommerce] [restartedMain] o.s.b.w.embedded.tomcat.TomcatWebServer  : Tomcat initialized with port 9090 (http)
2025-02-25T10:08:50.084+01:00  INFO 7520 --- [backendEcommerce] [restartedMain] o.apache.catalina.core.StandardService   : Starting service [Tomcat]
2025-02-25T10:08:50.085+01:00  INFO 7520 --- [backendEcommerce] [restartedMain] o.apache.catalina.core.StandardEngine    : Starting Servlet engine: [Apache Tomcat/10.1.34]
2025-02-25T10:08:50.121+01:00  INFO 7520 --- [backendEcommerce] [restartedMain] o.a.c.c.C.[Tomcat-1].[localhost].[/]     : Initializing Spring embedded WebApplicationContext
2025-02-25T10:08:50.122+01:00  INFO 7520 --- [backendEcommerce] [restartedMain] w.s.c.ServletWebServerApplicationContext : Root WebApplicationContext: initialization completed in 781 ms
2025-02-25T10:08:50.172+01:00  INFO 7520 --- [backendEcommerce] [restartedMain] com.zaxxer.hikari.HikariDataSource       : HikariPool-4 - Starting...
2025-02-25T10:08:50.200+01:00  INFO 7520 --- [backendEcommerce] [restartedMain] com.zaxxer.hikari.pool.HikariPool        : HikariPool-4 - Added connection com.mysql.cj.jdbc.ConnectionImpl@6019b400
2025-02-25T10:08:50.200+01:00  INFO 7520 --- [backendEcommerce] [restartedMain] com.zaxxer.hikari.HikariDataSource       : HikariPool-4 - Start completed.
2025-02-25T10:08:50.215+01:00  INFO 7520 --- [backendEcommerce] [restartedMain] o.hibernate.jpa.internal.util.LogHelper  : HHH000204: Processing PersistenceUnitInfo [name: default]
2025-02-25T10:08:50.220+01:00  INFO 7520 --- [backendEcommerce] [restartedMain] o.h.c.internal.RegionFactoryInitiator    : HHH000026: Second-level cache disabled
2025-02-25T10:08:50.241+01:00  INFO 7520 --- [backendEcommerce] [restartedMain] o.s.o.j.p.SpringPersistenceUnitInfo      : No LoadTimeWeaver setup: ignoring JPA class transformer
2025-02-25T10:08:50.246+01:00  INFO 7520 --- [backendEcommerce] [restartedMain] org.hibernate.orm.connections.pooling    : HHH10001005: Database info:
	Database JDBC URL [Connecting through datasource 'HikariDataSource (HikariPool-4)']
	Database driver: undefined/unknown
	Database version: 8.0.40
	Autocommit mode: undefined/unknown
	Isolation level: undefined/unknown
	Minimum pool size: undefined/unknown
	Maximum pool size: undefined/unknown
2025-02-25T10:08:50.330+01:00  WARN 7520 --- [backendEcommerce] [restartedMain] org.hibernate.mapping.RootClass          : HHH000038: Composite-id class does not override equals(): com.betacom.bec.models.MessageID
2025-02-25T10:08:50.331+01:00  WARN 7520 --- [backendEcommerce] [restartedMain] org.hibernate.mapping.RootClass          : HHH000039: Composite-id class does not override hashCode(): com.betacom.bec.models.MessageID
2025-02-25T10:08:50.552+01:00  INFO 7520 --- [backendEcommerce] [restartedMain] o.h.e.t.j.p.i.JtaPlatformInitiator       : HHH000489: No JTA platform available (set 'hibernate.transaction.jta.platform' to enable JTA platform integration)
2025-02-25T10:08:50.566+01:00  INFO 7520 --- [backendEcommerce] [restartedMain] j.LocalContainerEntityManagerFactoryBean : Initialized JPA EntityManagerFactory for persistence unit 'default'
2025-02-25T10:08:50.950+01:00  WARN 7520 --- [backendEcommerce] [restartedMain] ConfigServletWebServerApplicationContext : Exception encountered during context initialization - cancelling refresh attempt: org.springframework.beans.factory.UnsatisfiedDependencyException: Error creating bean with name 'pagamentoController': Unsatisfied dependency expressed through field 'pagamentoS': Error creating bean with name 'pagamentoImpl': Unsatisfied dependency expressed through field 'pagamentoR': Error creating bean with name 'pagamentoRepository' defined in com.betacom.bec.repositories.PagamentoRepository defined in @EnableJpaRepositories declared on JpaRepositoriesRegistrar.EnableJpaRepositoriesConfiguration: Could not create query for public abstract java.util.List com.betacom.bec.repositories.PagamentoRepository.findByUtente_Id(java.lang.Integer); Reason: Failed to create query for method public abstract java.util.List com.betacom.bec.repositories.PagamentoRepository.findByUtente_Id(java.lang.Integer); No property 'utente' found for type 'Pagamento'
2025-02-25T10:08:50.951+01:00  INFO 7520 --- [backendEcommerce] [restartedMain] j.LocalContainerEntityManagerFactoryBean : Closing JPA EntityManagerFactory for persistence unit 'default'
2025-02-25T10:08:50.952+01:00  INFO 7520 --- [backendEcommerce] [restartedMain] com.zaxxer.hikari.HikariDataSource       : HikariPool-4 - Shutdown initiated...
2025-02-25T10:08:50.968+01:00  INFO 7520 --- [backendEcommerce] [restartedMain] com.zaxxer.hikari.HikariDataSource       : HikariPool-4 - Shutdown completed.
2025-02-25T10:08:50.971+01:00  INFO 7520 --- [backendEcommerce] [restartedMain] o.apache.catalina.core.StandardService   : Stopping service [Tomcat]
2025-02-25T10:08:50.981+01:00  INFO 7520 --- [backendEcommerce] [restartedMain] .s.b.a.l.ConditionEvaluationReportLogger : 

Error starting ApplicationContext. To display the condition evaluation report re-run your application with 'debug' enabled.
2025-02-25T10:08:50.987+01:00 ERROR 7520 --- [backendEcommerce] [restartedMain] o.s.boot.SpringApplication               : Application run failed

org.springframework.beans.factory.UnsatisfiedDependencyException: Error creating bean with name 'pagamentoController': Unsatisfied dependency expressed through field 'pagamentoS': Error creating bean with name 'pagamentoImpl': Unsatisfied dependency expressed through field 'pagamentoR': Error creating bean with name 'pagamentoRepository' defined in com.betacom.bec.repositories.PagamentoRepository defined in @EnableJpaRepositories declared on JpaRepositoriesRegistrar.EnableJpaRepositoriesConfiguration: Could not create query for public abstract java.util.List com.betacom.bec.repositories.PagamentoRepository.findByUtente_Id(java.lang.Integer); Reason: Failed to create query for method public abstract java.util.List com.betacom.bec.repositories.PagamentoRepository.findByUtente_Id(java.lang.Integer); No property 'utente' found for type 'Pagamento'
	at org.springframework.beans.factory.annotation.AutowiredAnnotationBeanPostProcessor$AutowiredFieldElement.resolveFieldValue(AutowiredAnnotationBeanPostProcessor.java:788) ~[spring-beans-6.2.2.jar:6.2.2]
	at org.springframework.beans.factory.annotation.AutowiredAnnotationBeanPostProcessor$AutowiredFieldElement.inject(AutowiredAnnotationBeanPostProcessor.java:768) ~[spring-beans-6.2.2.jar:6.2.2]
	at org.springframework.beans.factory.annotation.InjectionMetadata.inject(InjectionMetadata.java:146) ~[spring-beans-6.2.2.jar:6.2.2]
	at org.springframework.beans.factory.annotation.AutowiredAnnotationBeanPostProcessor.postProcessProperties(AutowiredAnnotationBeanPostProcessor.java:509) ~[spring-beans-6.2.2.jar:6.2.2]
	at org.springframework.beans.factory.support.AbstractAutowireCapableBeanFactory.populateBean(AbstractAutowireCapableBeanFactory.java:1445) ~[spring-beans-6.2.2.jar:6.2.2]
	at org.springframework.beans.factory.support.AbstractAutowireCapableBeanFactory.doCreateBean(AbstractAutowireCapableBeanFactory.java:600) ~[spring-beans-6.2.2.jar:6.2.2]
	at org.springframework.beans.factory.support.AbstractAutowireCapableBeanFactory.createBean(AbstractAutowireCapableBeanFactory.java:523) ~[spring-beans-6.2.2.jar:6.2.2]
	at org.springframework.beans.factory.support.AbstractBeanFactory.lambda$doGetBean$0(AbstractBeanFactory.java:336) ~[spring-beans-6.2.2.jar:6.2.2]
	at org.springframework.beans.factory.support.DefaultSingletonBeanRegistry.getSingleton(DefaultSingletonBeanRegistry.java:307) ~[spring-beans-6.2.2.jar:6.2.2]
	at org.springframework.beans.factory.support.AbstractBeanFactory.doGetBean(AbstractBeanFactory.java:334) ~[spring-beans-6.2.2.jar:6.2.2]
	at org.springframework.beans.factory.support.AbstractBeanFactory.getBean(AbstractBeanFactory.java:199) ~[spring-beans-6.2.2.jar:6.2.2]
	at org.springframework.beans.factory.support.DefaultListableBeanFactory.instantiateSingleton(DefaultListableBeanFactory.java:1122) ~[spring-beans-6.2.2.jar:6.2.2]
	at org.springframework.beans.factory.support.DefaultListableBeanFactory.preInstantiateSingleton(DefaultListableBeanFactory.java:1093) ~[spring-beans-6.2.2.jar:6.2.2]
	at org.springframework.beans.factory.support.DefaultListableBeanFactory.preInstantiateSingletons(DefaultListableBeanFactory.java:1030) ~[spring-beans-6.2.2.jar:6.2.2]
	at org.springframework.context.support.AbstractApplicationContext.finishBeanFactoryInitialization(AbstractApplicationContext.java:987) ~[spring-context-6.2.2.jar:6.2.2]
	at org.springframework.context.support.AbstractApplicationContext.refresh(AbstractApplicationContext.java:627) ~[spring-context-6.2.2.jar:6.2.2]
	at org.springframework.boot.web.servlet.context.ServletWebServerApplicationContext.refresh(ServletWebServerApplicationContext.java:146) ~[spring-boot-3.4.2.jar:3.4.2]
	at org.springframework.boot.SpringApplication.refresh(SpringApplication.java:752) ~[spring-boot-3.4.2.jar:3.4.2]
	at org.springframework.boot.SpringApplication.refreshContext(SpringApplication.java:439) ~[spring-boot-3.4.2.jar:3.4.2]
	at org.springframework.boot.SpringApplication.run(SpringApplication.java:318) ~[spring-boot-3.4.2.jar:3.4.2]
	at org.springframework.boot.SpringApplication.run(SpringApplication.java:1361) ~[spring-boot-3.4.2.jar:3.4.2]
	at org.springframework.boot.SpringApplication.run(SpringApplication.java:1350) ~[spring-boot-3.4.2.jar:3.4.2]
	at com.betacom.bec.BackendEcommerceApplication.main(BackendEcommerceApplication.java:15) ~[classes/:na]
	at java.base/jdk.internal.reflect.DirectMethodHandleAccessor.invoke(DirectMethodHandleAccessor.java:103) ~[na:na]
	at java.base/java.lang.reflect.Method.invoke(Method.java:580) ~[na:na]
	at org.springframework.boot.devtools.restart.RestartLauncher.run(RestartLauncher.java:50) ~[spring-boot-devtools-3.4.2.jar:3.4.2]
Caused by: org.springframework.beans.factory.UnsatisfiedDependencyException: Error creating bean with name 'pagamentoImpl': Unsatisfied dependency expressed through field 'pagamentoR': Error creating bean with name 'pagamentoRepository' defined in com.betacom.bec.repositories.PagamentoRepository defined in @EnableJpaRepositories declared on JpaRepositoriesRegistrar.EnableJpaRepositoriesConfiguration: Could not create query for public abstract java.util.List com.betacom.bec.repositories.PagamentoRepository.findByUtente_Id(java.lang.Integer); Reason: Failed to create query for method public abstract java.util.List com.betacom.bec.repositories.PagamentoRepository.findByUtente_Id(java.lang.Integer); No property 'utente' found for type 'Pagamento'
	at org.springframework.beans.factory.annotation.AutowiredAnnotationBeanPostProcessor$AutowiredFieldElement.resolveFieldValue(AutowiredAnnotationBeanPostProcessor.java:788) ~[spring-beans-6.2.2.jar:6.2.2]
	at org.springframework.beans.factory.annotation.AutowiredAnnotationBeanPostProcessor$AutowiredFieldElement.inject(AutowiredAnnotationBeanPostProcessor.java:768) ~[spring-beans-6.2.2.jar:6.2.2]
	at org.springframework.beans.factory.annotation.InjectionMetadata.inject(InjectionMetadata.java:146) ~[spring-beans-6.2.2.jar:6.2.2]
	at org.springframework.beans.factory.annotation.AutowiredAnnotationBeanPostProcessor.postProcessProperties(AutowiredAnnotationBeanPostProcessor.java:509) ~[spring-beans-6.2.2.jar:6.2.2]
	at org.springframework.beans.factory.support.AbstractAutowireCapableBeanFactory.populateBean(AbstractAutowireCapableBeanFactory.java:1445) ~[spring-beans-6.2.2.jar:6.2.2]
	at org.springframework.beans.factory.support.AbstractAutowireCapableBeanFactory.doCreateBean(AbstractAutowireCapableBeanFactory.java:600) ~[spring-beans-6.2.2.jar:6.2.2]
	at org.springframework.beans.factory.support.AbstractAutowireCapableBeanFactory.createBean(AbstractAutowireCapableBeanFactory.java:523) ~[spring-beans-6.2.2.jar:6.2.2]
	at org.springframework.beans.factory.support.AbstractBeanFactory.lambda$doGetBean$0(AbstractBeanFactory.java:336) ~[spring-beans-6.2.2.jar:6.2.2]
	at org.springframework.beans.factory.support.DefaultSingletonBeanRegistry.getSingleton(DefaultSingletonBeanRegistry.java:307) ~[spring-beans-6.2.2.jar:6.2.2]
	at org.springframework.beans.factory.support.AbstractBeanFactory.doGetBean(AbstractBeanFactory.java:334) ~[spring-beans-6.2.2.jar:6.2.2]
	at org.springframework.beans.factory.support.AbstractBeanFactory.getBean(AbstractBeanFactory.java:199) ~[spring-beans-6.2.2.jar:6.2.2]
	at org.springframework.beans.factory.config.DependencyDescriptor.resolveCandidate(DependencyDescriptor.java:254) ~[spring-beans-6.2.2.jar:6.2.2]
	at org.springframework.beans.factory.support.DefaultListableBeanFactory.doResolveDependency(DefaultListableBeanFactory.java:1631) ~[spring-beans-6.2.2.jar:6.2.2]
	at org.springframework.beans.factory.support.DefaultListableBeanFactory.resolveDependency(DefaultListableBeanFactory.java:1519) ~[spring-beans-6.2.2.jar:6.2.2]
	at org.springframework.beans.factory.annotation.AutowiredAnnotationBeanPostProcessor$AutowiredFieldElement.resolveFieldValue(AutowiredAnnotationBeanPostProcessor.java:785) ~[spring-beans-6.2.2.jar:6.2.2]
	... 25 common frames omitted
Caused by: org.springframework.beans.factory.BeanCreationException: Error creating bean with name 'pagamentoRepository' defined in com.betacom.bec.repositories.PagamentoRepository defined in @EnableJpaRepositories declared on JpaRepositoriesRegistrar.EnableJpaRepositoriesConfiguration: Could not create query for public abstract java.util.List com.betacom.bec.repositories.PagamentoRepository.findByUtente_Id(java.lang.Integer); Reason: Failed to create query for method public abstract java.util.List com.betacom.bec.repositories.PagamentoRepository.findByUtente_Id(java.lang.Integer); No property 'utente' found for type 'Pagamento'
	at org.springframework.beans.factory.support.AbstractAutowireCapableBeanFactory.initializeBean(AbstractAutowireCapableBeanFactory.java:1812) ~[spring-beans-6.2.2.jar:6.2.2]
	at org.springframework.beans.factory.support.AbstractAutowireCapableBeanFactory.doCreateBean(AbstractAutowireCapableBeanFactory.java:601) ~[spring-beans-6.2.2.jar:6.2.2]
	at org.springframework.beans.factory.support.AbstractAutowireCapableBeanFactory.createBean(AbstractAutowireCapableBeanFactory.java:523) ~[spring-beans-6.2.2.jar:6.2.2]
	at org.springframework.beans.factory.support.AbstractBeanFactory.lambda$doGetBean$0(AbstractBeanFactory.java:336) ~[spring-beans-6.2.2.jar:6.2.2]
	at org.springframework.beans.factory.support.DefaultSingletonBeanRegistry.getSingleton(DefaultSingletonBeanRegistry.java:307) ~[spring-beans-6.2.2.jar:6.2.2]
	at org.springframework.beans.factory.support.AbstractBeanFactory.doGetBean(AbstractBeanFactory.java:334) ~[spring-beans-6.2.2.jar:6.2.2]
	at org.springframework.beans.factory.support.AbstractBeanFactory.getBean(AbstractBeanFactory.java:199) ~[spring-beans-6.2.2.jar:6.2.2]
	at org.springframework.beans.factory.config.DependencyDescriptor.resolveCandidate(DependencyDescriptor.java:254) ~[spring-beans-6.2.2.jar:6.2.2]
	at org.springframework.beans.factory.support.DefaultListableBeanFactory.doResolveDependency(DefaultListableBeanFactory.java:1631) ~[spring-beans-6.2.2.jar:6.2.2]
	at org.springframework.beans.factory.support.DefaultListableBeanFactory.resolveDependency(DefaultListableBeanFactory.java:1519) ~[spring-beans-6.2.2.jar:6.2.2]
	at org.springframework.beans.factory.annotation.AutowiredAnnotationBeanPostProcessor$AutowiredFieldElement.resolveFieldValue(AutowiredAnnotationBeanPostProcessor.java:785) ~[spring-beans-6.2.2.jar:6.2.2]
	... 39 common frames omitted
Caused by: org.springframework.data.repository.query.QueryCreationException: Could not create query for public abstract java.util.List com.betacom.bec.repositories.PagamentoRepository.findByUtente_Id(java.lang.Integer); Reason: Failed to create query for method public abstract java.util.List com.betacom.bec.repositories.PagamentoRepository.findByUtente_Id(java.lang.Integer); No property 'utente' found for type 'Pagamento'
	at org.springframework.data.repository.query.QueryCreationException.create(QueryCreationException.java:101) ~[spring-data-commons-3.4.2.jar:3.4.2]
	at org.springframework.data.repository.core.support.QueryExecutorMethodInterceptor.lookupQuery(QueryExecutorMethodInterceptor.java:120) ~[spring-data-commons-3.4.2.jar:3.4.2]
	at org.springframework.data.repository.core.support.QueryExecutorMethodInterceptor.mapMethodsToQuery(QueryExecutorMethodInterceptor.java:104) ~[spring-data-commons-3.4.2.jar:3.4.2]
	at org.springframework.data.repository.core.support.QueryExecutorMethodInterceptor.lambda$new$0(QueryExecutorMethodInterceptor.java:92) ~[spring-data-commons-3.4.2.jar:3.4.2]
	at java.base/java.util.Optional.map(Optional.java:260) ~[na:na]
	at org.springframework.data.repository.core.support.QueryExecutorMethodInterceptor.<init>(QueryExecutorMethodInterceptor.java:92) ~[spring-data-commons-3.4.2.jar:3.4.2]
	at org.springframework.data.repository.core.support.RepositoryFactorySupport.getRepository(RepositoryFactorySupport.java:440) ~[spring-data-commons-3.4.2.jar:3.4.2]
	at org.springframework.data.repository.core.support.RepositoryFactoryBeanSupport.lambda$afterPropertiesSet$4(RepositoryFactoryBeanSupport.java:350) ~[spring-data-commons-3.4.2.jar:3.4.2]
	at org.springframework.data.util.Lazy.getNullable(Lazy.java:135) ~[spring-data-commons-3.4.2.jar:3.4.2]
	at org.springframework.data.util.Lazy.get(Lazy.java:113) ~[spring-data-commons-3.4.2.jar:3.4.2]
	at org.springframework.data.repository.core.support.RepositoryFactoryBeanSupport.afterPropertiesSet(RepositoryFactoryBeanSupport.java:356) ~[spring-data-commons-3.4.2.jar:3.4.2]
	at org.springframework.data.jpa.repository.support.JpaRepositoryFactoryBean.afterPropertiesSet(JpaRepositoryFactoryBean.java:132) ~[spring-data-jpa-3.4.2.jar:3.4.2]
	at org.springframework.beans.factory.support.AbstractAutowireCapableBeanFactory.invokeInitMethods(AbstractAutowireCapableBeanFactory.java:1859) ~[spring-beans-6.2.2.jar:6.2.2]
	at org.springframework.beans.factory.support.AbstractAutowireCapableBeanFactory.initializeBean(AbstractAutowireCapableBeanFactory.java:1808) ~[spring-beans-6.2.2.jar:6.2.2]
	... 49 common frames omitted
Caused by: java.lang.IllegalArgumentException: Failed to create query for method public abstract java.util.List com.betacom.bec.repositories.PagamentoRepository.findByUtente_Id(java.lang.Integer); No property 'utente' found for type 'Pagamento'
	at org.springframework.data.jpa.repository.query.PartTreeJpaQuery.<init>(PartTreeJpaQuery.java:107) ~[spring-data-jpa-3.4.2.jar:3.4.2]
	at org.springframework.data.jpa.repository.query.JpaQueryLookupStrategy$CreateQueryLookupStrategy.resolveQuery(JpaQueryLookupStrategy.java:128) ~[spring-data-jpa-3.4.2.jar:3.4.2]
	at org.springframework.data.jpa.repository.query.JpaQueryLookupStrategy$CreateIfNotFoundQueryLookupStrategy.resolveQuery(JpaQueryLookupStrategy.java:262) ~[spring-data-jpa-3.4.2.jar:3.4.2]
	at org.springframework.data.jpa.repository.query.JpaQueryLookupStrategy$AbstractQueryLookupStrategy.resolveQuery(JpaQueryLookupStrategy.java:99) ~[spring-data-jpa-3.4.2.jar:3.4.2]
	at org.springframework.data.repository.core.support.QueryExecutorMethodInterceptor.lookupQuery(QueryExecutorMethodInterceptor.java:116) ~[spring-data-commons-3.4.2.jar:3.4.2]
	... 61 common frames omitted
Caused by: org.springframework.data.mapping.PropertyReferenceException: No property 'utente' found for type 'Pagamento'
	at org.springframework.data.mapping.PropertyPath.<init>(PropertyPath.java:94) ~[spring-data-commons-3.4.2.jar:3.4.2]
	at org.springframework.data.mapping.PropertyPath.create(PropertyPath.java:455) ~[spring-data-commons-3.4.2.jar:3.4.2]
	at org.springframework.data.mapping.PropertyPath.create(PropertyPath.java:431) ~[spring-data-commons-3.4.2.jar:3.4.2]
	at org.springframework.data.mapping.PropertyPath.lambda$from$0(PropertyPath.java:384) ~[spring-data-commons-3.4.2.jar:3.4.2]
	at java.base/java.util.concurrent.ConcurrentMap.computeIfAbsent(ConcurrentMap.java:330) ~[na:na]
	at org.springframework.data.mapping.PropertyPath.from(PropertyPath.java:366) ~[spring-data-commons-3.4.2.jar:3.4.2]
	at org.springframework.data.mapping.PropertyPath.from(PropertyPath.java:344) ~[spring-data-commons-3.4.2.jar:3.4.2]
	at org.springframework.data.repository.query.parser.Part.<init>(Part.java:81) ~[spring-data-commons-3.4.2.jar:3.4.2]
	at org.springframework.data.repository.query.parser.PartTree$OrPart.lambda$new$0(PartTree.java:259) ~[spring-data-commons-3.4.2.jar:3.4.2]
	at java.base/java.util.stream.ReferencePipeline$3$1.accept(ReferencePipeline.java:215) ~[na:na]
	at java.base/java.util.stream.ReferencePipeline$2$1.accept(ReferencePipeline.java:197) ~[na:na]
	at java.base/java.util.Spliterators$ArraySpliterator.forEachRemaining(Spliterators.java:1024) ~[na:na]
	at java.base/java.util.stream.AbstractPipeline.copyInto(AbstractPipeline.java:570) ~[na:na]
	at java.base/java.util.stream.AbstractPipeline.wrapAndCopyInto(AbstractPipeline.java:560) ~[na:na]
	at java.base/java.util.stream.ReduceOps$ReduceOp.evaluateSequential(ReduceOps.java:921) ~[na:na]
	at java.base/java.util.stream.AbstractPipeline.evaluate(AbstractPipeline.java:265) ~[na:na]
	at java.base/java.util.stream.ReferencePipeline.collect(ReferencePipeline.java:727) ~[na:na]
	at org.springframework.data.repository.query.parser.PartTree$OrPart.<init>(PartTree.java:260) ~[spring-data-commons-3.4.2.jar:3.4.2]
	at org.springframework.data.repository.query.parser.PartTree$Predicate.lambda$new$0(PartTree.java:389) ~[spring-data-commons-3.4.2.jar:3.4.2]
	at java.base/java.util.stream.ReferencePipeline$3$1.accept(ReferencePipeline.java:215) ~[na:na]
	at java.base/java.util.stream.ReferencePipeline$2$1.accept(ReferencePipeline.java:197) ~[na:na]
	at java.base/java.util.Spliterators$ArraySpliterator.forEachRemaining(Spliterators.java:1024) ~[na:na]
	at java.base/java.util.stream.AbstractPipeline.copyInto(AbstractPipeline.java:570) ~[na:na]
	at java.base/java.util.stream.AbstractPipeline.wrapAndCopyInto(AbstractPipeline.java:560) ~[na:na]
	at java.base/java.util.stream.ReduceOps$ReduceOp.evaluateSequential(ReduceOps.java:921) ~[na:na]
	at java.base/java.util.stream.AbstractPipeline.evaluate(AbstractPipeline.java:265) ~[na:na]
	at java.base/java.util.stream.ReferencePipeline.collect(ReferencePipeline.java:727) ~[na:na]
	at org.springframework.data.repository.query.parser.PartTree$Predicate.<init>(PartTree.java:390) ~[spring-data-commons-3.4.2.jar:3.4.2]
	at org.springframework.data.repository.query.parser.PartTree.<init>(PartTree.java:103) ~[spring-data-commons-3.4.2.jar:3.4.2]
	at org.springframework.data.jpa.repository.query.PartTreeJpaQuery.<init>(PartTreeJpaQuery.java:101) ~[spring-data-jpa-3.4.2.jar:3.4.2]
	... 65 common frames omitted

2025-02-25T10:12:03.282+01:00  INFO 7520 --- [backendEcommerce] [restartedMain] c.b.bec.BackendEcommerceApplication      : Starting BackendEcommerceApplication using Java 23.0.1 with PID 7520 (C:\Backend-ecommerce\backendEcommerce\target\classes started by Betacom in C:\Backend-ecommerce\backendEcommerce)
2025-02-25T10:12:03.282+01:00 DEBUG 7520 --- [backendEcommerce] [restartedMain] c.b.bec.BackendEcommerceApplication      : Running with Spring Boot v3.4.2, Spring v6.2.2
2025-02-25T10:12:03.283+01:00  INFO 7520 --- [backendEcommerce] [restartedMain] c.b.bec.BackendEcommerceApplication      : The following 1 profile is active: "sviluppo"
2025-02-25T10:12:03.550+01:00  INFO 7520 --- [backendEcommerce] [restartedMain] .s.d.r.c.RepositoryConfigurationDelegate : Bootstrapping Spring Data JPA repositories in DEFAULT mode.
2025-02-25T10:12:03.590+01:00  INFO 7520 --- [backendEcommerce] [restartedMain] .s.d.r.c.RepositoryConfigurationDelegate : Finished Spring Data repository scanning in 39 ms. Found 8 JPA repository interfaces.
2025-02-25T10:12:03.751+01:00  INFO 7520 --- [backendEcommerce] [restartedMain] o.s.b.w.embedded.tomcat.TomcatWebServer  : Tomcat initialized with port 9090 (http)
2025-02-25T10:12:03.753+01:00  INFO 7520 --- [backendEcommerce] [restartedMain] o.apache.catalina.core.StandardService   : Starting service [Tomcat]
2025-02-25T10:12:03.753+01:00  INFO 7520 --- [backendEcommerce] [restartedMain] o.apache.catalina.core.StandardEngine    : Starting Servlet engine: [Apache Tomcat/10.1.34]
2025-02-25T10:12:03.782+01:00  INFO 7520 --- [backendEcommerce] [restartedMain] o.a.c.c.C.[Tomcat-2].[localhost].[/]     : Initializing Spring embedded WebApplicationContext
2025-02-25T10:12:03.783+01:00  INFO 7520 --- [backendEcommerce] [restartedMain] w.s.c.ServletWebServerApplicationContext : Root WebApplicationContext: initialization completed in 499 ms
2025-02-25T10:12:03.817+01:00  INFO 7520 --- [backendEcommerce] [restartedMain] com.zaxxer.hikari.HikariDataSource       : HikariPool-5 - Starting...
2025-02-25T10:12:03.843+01:00  INFO 7520 --- [backendEcommerce] [restartedMain] com.zaxxer.hikari.pool.HikariPool        : HikariPool-5 - Added connection com.mysql.cj.jdbc.ConnectionImpl@16070d81
2025-02-25T10:12:03.844+01:00  INFO 7520 --- [backendEcommerce] [restartedMain] com.zaxxer.hikari.HikariDataSource       : HikariPool-5 - Start completed.
2025-02-25T10:12:03.860+01:00  INFO 7520 --- [backendEcommerce] [restartedMain] o.hibernate.jpa.internal.util.LogHelper  : HHH000204: Processing PersistenceUnitInfo [name: default]
2025-02-25T10:12:03.865+01:00  INFO 7520 --- [backendEcommerce] [restartedMain] o.h.c.internal.RegionFactoryInitiator    : HHH000026: Second-level cache disabled
2025-02-25T10:12:03.882+01:00  INFO 7520 --- [backendEcommerce] [restartedMain] o.s.o.j.p.SpringPersistenceUnitInfo      : No LoadTimeWeaver setup: ignoring JPA class transformer
2025-02-25T10:12:03.885+01:00  INFO 7520 --- [backendEcommerce] [restartedMain] org.hibernate.orm.connections.pooling    : HHH10001005: Database info:
	Database JDBC URL [Connecting through datasource 'HikariDataSource (HikariPool-5)']
	Database driver: undefined/unknown
	Database version: 8.0.40
	Autocommit mode: undefined/unknown
	Isolation level: undefined/unknown
	Minimum pool size: undefined/unknown
	Maximum pool size: undefined/unknown
2025-02-25T10:12:03.985+01:00  WARN 7520 --- [backendEcommerce] [restartedMain] org.hibernate.mapping.RootClass          : HHH000038: Composite-id class does not override equals(): com.betacom.bec.models.MessageID
2025-02-25T10:12:03.986+01:00  WARN 7520 --- [backendEcommerce] [restartedMain] org.hibernate.mapping.RootClass          : HHH000039: Composite-id class does not override hashCode(): com.betacom.bec.models.MessageID
2025-02-25T10:12:04.124+01:00  INFO 7520 --- [backendEcommerce] [restartedMain] o.h.e.t.j.p.i.JtaPlatformInitiator       : HHH000489: No JTA platform available (set 'hibernate.transaction.jta.platform' to enable JTA platform integration)
2025-02-25T10:12:04.133+01:00  INFO 7520 --- [backendEcommerce] [restartedMain] j.LocalContainerEntityManagerFactoryBean : Initialized JPA EntityManagerFactory for persistence unit 'default'
2025-02-25T10:12:04.385+01:00  WARN 7520 --- [backendEcommerce] [restartedMain] ConfigServletWebServerApplicationContext : Exception encountered during context initialization - cancelling refresh attempt: org.springframework.beans.factory.UnsatisfiedDependencyException: Error creating bean with name 'pagamentoController': Unsatisfied dependency expressed through field 'pagamentoS': Error creating bean with name 'pagamentoImpl': Unsatisfied dependency expressed through field 'pagamentoR': Error creating bean with name 'pagamentoRepository' defined in com.betacom.bec.repositories.PagamentoRepository defined in @EnableJpaRepositories declared on JpaRepositoriesRegistrar.EnableJpaRepositoriesConfiguration: Could not create query for public abstract java.util.List com.betacom.bec.repositories.PagamentoRepository.findByUtente_Id(java.lang.Integer); Reason: Failed to create query for method public abstract java.util.List com.betacom.bec.repositories.PagamentoRepository.findByUtente_Id(java.lang.Integer); No property 'utente' found for type 'Pagamento'
2025-02-25T10:12:04.391+01:00  INFO 7520 --- [backendEcommerce] [restartedMain] j.LocalContainerEntityManagerFactoryBean : Closing JPA EntityManagerFactory for persistence unit 'default'
2025-02-25T10:12:04.393+01:00  INFO 7520 --- [backendEcommerce] [restartedMain] com.zaxxer.hikari.HikariDataSource       : HikariPool-5 - Shutdown initiated...
2025-02-25T10:12:04.429+01:00  INFO 7520 --- [backendEcommerce] [restartedMain] com.zaxxer.hikari.HikariDataSource       : HikariPool-5 - Shutdown completed.
2025-02-25T10:12:04.430+01:00  INFO 7520 --- [backendEcommerce] [restartedMain] o.apache.catalina.core.StandardService   : Stopping service [Tomcat]
2025-02-25T10:12:04.435+01:00  INFO 7520 --- [backendEcommerce] [restartedMain] .s.b.a.l.ConditionEvaluationReportLogger : 

Error starting ApplicationContext. To display the condition evaluation report re-run your application with 'debug' enabled.
2025-02-25T10:12:04.442+01:00 ERROR 7520 --- [backendEcommerce] [restartedMain] o.s.boot.SpringApplication               : Application run failed

org.springframework.beans.factory.UnsatisfiedDependencyException: Error creating bean with name 'pagamentoController': Unsatisfied dependency expressed through field 'pagamentoS': Error creating bean with name 'pagamentoImpl': Unsatisfied dependency expressed through field 'pagamentoR': Error creating bean with name 'pagamentoRepository' defined in com.betacom.bec.repositories.PagamentoRepository defined in @EnableJpaRepositories declared on JpaRepositoriesRegistrar.EnableJpaRepositoriesConfiguration: Could not create query for public abstract java.util.List com.betacom.bec.repositories.PagamentoRepository.findByUtente_Id(java.lang.Integer); Reason: Failed to create query for method public abstract java.util.List com.betacom.bec.repositories.PagamentoRepository.findByUtente_Id(java.lang.Integer); No property 'utente' found for type 'Pagamento'
	at org.springframework.beans.factory.annotation.AutowiredAnnotationBeanPostProcessor$AutowiredFieldElement.resolveFieldValue(AutowiredAnnotationBeanPostProcessor.java:788) ~[spring-beans-6.2.2.jar:6.2.2]
	at org.springframework.beans.factory.annotation.AutowiredAnnotationBeanPostProcessor$AutowiredFieldElement.inject(AutowiredAnnotationBeanPostProcessor.java:768) ~[spring-beans-6.2.2.jar:6.2.2]
	at org.springframework.beans.factory.annotation.InjectionMetadata.inject(InjectionMetadata.java:146) ~[spring-beans-6.2.2.jar:6.2.2]
	at org.springframework.beans.factory.annotation.AutowiredAnnotationBeanPostProcessor.postProcessProperties(AutowiredAnnotationBeanPostProcessor.java:509) ~[spring-beans-6.2.2.jar:6.2.2]
	at org.springframework.beans.factory.support.AbstractAutowireCapableBeanFactory.populateBean(AbstractAutowireCapableBeanFactory.java:1445) ~[spring-beans-6.2.2.jar:6.2.2]
	at org.springframework.beans.factory.support.AbstractAutowireCapableBeanFactory.doCreateBean(AbstractAutowireCapableBeanFactory.java:600) ~[spring-beans-6.2.2.jar:6.2.2]
	at org.springframework.beans.factory.support.AbstractAutowireCapableBeanFactory.createBean(AbstractAutowireCapableBeanFactory.java:523) ~[spring-beans-6.2.2.jar:6.2.2]
	at org.springframework.beans.factory.support.AbstractBeanFactory.lambda$doGetBean$0(AbstractBeanFactory.java:336) ~[spring-beans-6.2.2.jar:6.2.2]
	at org.springframework.beans.factory.support.DefaultSingletonBeanRegistry.getSingleton(DefaultSingletonBeanRegistry.java:307) ~[spring-beans-6.2.2.jar:6.2.2]
	at org.springframework.beans.factory.support.AbstractBeanFactory.doGetBean(AbstractBeanFactory.java:334) ~[spring-beans-6.2.2.jar:6.2.2]
	at org.springframework.beans.factory.support.AbstractBeanFactory.getBean(AbstractBeanFactory.java:199) ~[spring-beans-6.2.2.jar:6.2.2]
	at org.springframework.beans.factory.support.DefaultListableBeanFactory.instantiateSingleton(DefaultListableBeanFactory.java:1122) ~[spring-beans-6.2.2.jar:6.2.2]
	at org.springframework.beans.factory.support.DefaultListableBeanFactory.preInstantiateSingleton(DefaultListableBeanFactory.java:1093) ~[spring-beans-6.2.2.jar:6.2.2]
	at org.springframework.beans.factory.support.DefaultListableBeanFactory.preInstantiateSingletons(DefaultListableBeanFactory.java:1030) ~[spring-beans-6.2.2.jar:6.2.2]
	at org.springframework.context.support.AbstractApplicationContext.finishBeanFactoryInitialization(AbstractApplicationContext.java:987) ~[spring-context-6.2.2.jar:6.2.2]
	at org.springframework.context.support.AbstractApplicationContext.refresh(AbstractApplicationContext.java:627) ~[spring-context-6.2.2.jar:6.2.2]
	at org.springframework.boot.web.servlet.context.ServletWebServerApplicationContext.refresh(ServletWebServerApplicationContext.java:146) ~[spring-boot-3.4.2.jar:3.4.2]
	at org.springframework.boot.SpringApplication.refresh(SpringApplication.java:752) ~[spring-boot-3.4.2.jar:3.4.2]
	at org.springframework.boot.SpringApplication.refreshContext(SpringApplication.java:439) ~[spring-boot-3.4.2.jar:3.4.2]
	at org.springframework.boot.SpringApplication.run(SpringApplication.java:318) ~[spring-boot-3.4.2.jar:3.4.2]
	at org.springframework.boot.SpringApplication.run(SpringApplication.java:1361) ~[spring-boot-3.4.2.jar:3.4.2]
	at org.springframework.boot.SpringApplication.run(SpringApplication.java:1350) ~[spring-boot-3.4.2.jar:3.4.2]
	at com.betacom.bec.BackendEcommerceApplication.main(BackendEcommerceApplication.java:15) ~[classes/:na]
	at java.base/jdk.internal.reflect.DirectMethodHandleAccessor.invoke(DirectMethodHandleAccessor.java:103) ~[na:na]
	at java.base/java.lang.reflect.Method.invoke(Method.java:580) ~[na:na]
	at org.springframework.boot.devtools.restart.RestartLauncher.run(RestartLauncher.java:50) ~[spring-boot-devtools-3.4.2.jar:3.4.2]
Caused by: org.springframework.beans.factory.UnsatisfiedDependencyException: Error creating bean with name 'pagamentoImpl': Unsatisfied dependency expressed through field 'pagamentoR': Error creating bean with name 'pagamentoRepository' defined in com.betacom.bec.repositories.PagamentoRepository defined in @EnableJpaRepositories declared on JpaRepositoriesRegistrar.EnableJpaRepositoriesConfiguration: Could not create query for public abstract java.util.List com.betacom.bec.repositories.PagamentoRepository.findByUtente_Id(java.lang.Integer); Reason: Failed to create query for method public abstract java.util.List com.betacom.bec.repositories.PagamentoRepository.findByUtente_Id(java.lang.Integer); No property 'utente' found for type 'Pagamento'
	at org.springframework.beans.factory.annotation.AutowiredAnnotationBeanPostProcessor$AutowiredFieldElement.resolveFieldValue(AutowiredAnnotationBeanPostProcessor.java:788) ~[spring-beans-6.2.2.jar:6.2.2]
	at org.springframework.beans.factory.annotation.AutowiredAnnotationBeanPostProcessor$AutowiredFieldElement.inject(AutowiredAnnotationBeanPostProcessor.java:768) ~[spring-beans-6.2.2.jar:6.2.2]
	at org.springframework.beans.factory.annotation.InjectionMetadata.inject(InjectionMetadata.java:146) ~[spring-beans-6.2.2.jar:6.2.2]
	at org.springframework.beans.factory.annotation.AutowiredAnnotationBeanPostProcessor.postProcessProperties(AutowiredAnnotationBeanPostProcessor.java:509) ~[spring-beans-6.2.2.jar:6.2.2]
	at org.springframework.beans.factory.support.AbstractAutowireCapableBeanFactory.populateBean(AbstractAutowireCapableBeanFactory.java:1445) ~[spring-beans-6.2.2.jar:6.2.2]
	at org.springframework.beans.factory.support.AbstractAutowireCapableBeanFactory.doCreateBean(AbstractAutowireCapableBeanFactory.java:600) ~[spring-beans-6.2.2.jar:6.2.2]
	at org.springframework.beans.factory.support.AbstractAutowireCapableBeanFactory.createBean(AbstractAutowireCapableBeanFactory.java:523) ~[spring-beans-6.2.2.jar:6.2.2]
	at org.springframework.beans.factory.support.AbstractBeanFactory.lambda$doGetBean$0(AbstractBeanFactory.java:336) ~[spring-beans-6.2.2.jar:6.2.2]
	at org.springframework.beans.factory.support.DefaultSingletonBeanRegistry.getSingleton(DefaultSingletonBeanRegistry.java:307) ~[spring-beans-6.2.2.jar:6.2.2]
	at org.springframework.beans.factory.support.AbstractBeanFactory.doGetBean(AbstractBeanFactory.java:334) ~[spring-beans-6.2.2.jar:6.2.2]
	at org.springframework.beans.factory.support.AbstractBeanFactory.getBean(AbstractBeanFactory.java:199) ~[spring-beans-6.2.2.jar:6.2.2]
	at org.springframework.beans.factory.config.DependencyDescriptor.resolveCandidate(DependencyDescriptor.java:254) ~[spring-beans-6.2.2.jar:6.2.2]
	at org.springframework.beans.factory.support.DefaultListableBeanFactory.doResolveDependency(DefaultListableBeanFactory.java:1631) ~[spring-beans-6.2.2.jar:6.2.2]
	at org.springframework.beans.factory.support.DefaultListableBeanFactory.resolveDependency(DefaultListableBeanFactory.java:1519) ~[spring-beans-6.2.2.jar:6.2.2]
	at org.springframework.beans.factory.annotation.AutowiredAnnotationBeanPostProcessor$AutowiredFieldElement.resolveFieldValue(AutowiredAnnotationBeanPostProcessor.java:785) ~[spring-beans-6.2.2.jar:6.2.2]
	... 25 common frames omitted
Caused by: org.springframework.beans.factory.BeanCreationException: Error creating bean with name 'pagamentoRepository' defined in com.betacom.bec.repositories.PagamentoRepository defined in @EnableJpaRepositories declared on JpaRepositoriesRegistrar.EnableJpaRepositoriesConfiguration: Could not create query for public abstract java.util.List com.betacom.bec.repositories.PagamentoRepository.findByUtente_Id(java.lang.Integer); Reason: Failed to create query for method public abstract java.util.List com.betacom.bec.repositories.PagamentoRepository.findByUtente_Id(java.lang.Integer); No property 'utente' found for type 'Pagamento'
	at org.springframework.beans.factory.support.AbstractAutowireCapableBeanFactory.initializeBean(AbstractAutowireCapableBeanFactory.java:1812) ~[spring-beans-6.2.2.jar:6.2.2]
	at org.springframework.beans.factory.support.AbstractAutowireCapableBeanFactory.doCreateBean(AbstractAutowireCapableBeanFactory.java:601) ~[spring-beans-6.2.2.jar:6.2.2]
	at org.springframework.beans.factory.support.AbstractAutowireCapableBeanFactory.createBean(AbstractAutowireCapableBeanFactory.java:523) ~[spring-beans-6.2.2.jar:6.2.2]
	at org.springframework.beans.factory.support.AbstractBeanFactory.lambda$doGetBean$0(AbstractBeanFactory.java:336) ~[spring-beans-6.2.2.jar:6.2.2]
	at org.springframework.beans.factory.support.DefaultSingletonBeanRegistry.getSingleton(DefaultSingletonBeanRegistry.java:307) ~[spring-beans-6.2.2.jar:6.2.2]
	at org.springframework.beans.factory.support.AbstractBeanFactory.doGetBean(AbstractBeanFactory.java:334) ~[spring-beans-6.2.2.jar:6.2.2]
	at org.springframework.beans.factory.support.AbstractBeanFactory.getBean(AbstractBeanFactory.java:199) ~[spring-beans-6.2.2.jar:6.2.2]
	at org.springframework.beans.factory.config.DependencyDescriptor.resolveCandidate(DependencyDescriptor.java:254) ~[spring-beans-6.2.2.jar:6.2.2]
	at org.springframework.beans.factory.support.DefaultListableBeanFactory.doResolveDependency(DefaultListableBeanFactory.java:1631) ~[spring-beans-6.2.2.jar:6.2.2]
	at org.springframework.beans.factory.support.DefaultListableBeanFactory.resolveDependency(DefaultListableBeanFactory.java:1519) ~[spring-beans-6.2.2.jar:6.2.2]
	at org.springframework.beans.factory.annotation.AutowiredAnnotationBeanPostProcessor$AutowiredFieldElement.resolveFieldValue(AutowiredAnnotationBeanPostProcessor.java:785) ~[spring-beans-6.2.2.jar:6.2.2]
	... 39 common frames omitted
Caused by: org.springframework.data.repository.query.QueryCreationException: Could not create query for public abstract java.util.List com.betacom.bec.repositories.PagamentoRepository.findByUtente_Id(java.lang.Integer); Reason: Failed to create query for method public abstract java.util.List com.betacom.bec.repositories.PagamentoRepository.findByUtente_Id(java.lang.Integer); No property 'utente' found for type 'Pagamento'
	at org.springframework.data.repository.query.QueryCreationException.create(QueryCreationException.java:101) ~[spring-data-commons-3.4.2.jar:3.4.2]
	at org.springframework.data.repository.core.support.QueryExecutorMethodInterceptor.lookupQuery(QueryExecutorMethodInterceptor.java:120) ~[spring-data-commons-3.4.2.jar:3.4.2]
	at org.springframework.data.repository.core.support.QueryExecutorMethodInterceptor.mapMethodsToQuery(QueryExecutorMethodInterceptor.java:104) ~[spring-data-commons-3.4.2.jar:3.4.2]
	at org.springframework.data.repository.core.support.QueryExecutorMethodInterceptor.lambda$new$0(QueryExecutorMethodInterceptor.java:92) ~[spring-data-commons-3.4.2.jar:3.4.2]
	at java.base/java.util.Optional.map(Optional.java:260) ~[na:na]
	at org.springframework.data.repository.core.support.QueryExecutorMethodInterceptor.<init>(QueryExecutorMethodInterceptor.java:92) ~[spring-data-commons-3.4.2.jar:3.4.2]
	at org.springframework.data.repository.core.support.RepositoryFactorySupport.getRepository(RepositoryFactorySupport.java:440) ~[spring-data-commons-3.4.2.jar:3.4.2]
	at org.springframework.data.repository.core.support.RepositoryFactoryBeanSupport.lambda$afterPropertiesSet$4(RepositoryFactoryBeanSupport.java:350) ~[spring-data-commons-3.4.2.jar:3.4.2]
	at org.springframework.data.util.Lazy.getNullable(Lazy.java:135) ~[spring-data-commons-3.4.2.jar:3.4.2]
	at org.springframework.data.util.Lazy.get(Lazy.java:113) ~[spring-data-commons-3.4.2.jar:3.4.2]
	at org.springframework.data.repository.core.support.RepositoryFactoryBeanSupport.afterPropertiesSet(RepositoryFactoryBeanSupport.java:356) ~[spring-data-commons-3.4.2.jar:3.4.2]
	at org.springframework.data.jpa.repository.support.JpaRepositoryFactoryBean.afterPropertiesSet(JpaRepositoryFactoryBean.java:132) ~[spring-data-jpa-3.4.2.jar:3.4.2]
	at org.springframework.beans.factory.support.AbstractAutowireCapableBeanFactory.invokeInitMethods(AbstractAutowireCapableBeanFactory.java:1859) ~[spring-beans-6.2.2.jar:6.2.2]
	at org.springframework.beans.factory.support.AbstractAutowireCapableBeanFactory.initializeBean(AbstractAutowireCapableBeanFactory.java:1808) ~[spring-beans-6.2.2.jar:6.2.2]
	... 49 common frames omitted
Caused by: java.lang.IllegalArgumentException: Failed to create query for method public abstract java.util.List com.betacom.bec.repositories.PagamentoRepository.findByUtente_Id(java.lang.Integer); No property 'utente' found for type 'Pagamento'
	at org.springframework.data.jpa.repository.query.PartTreeJpaQuery.<init>(PartTreeJpaQuery.java:107) ~[spring-data-jpa-3.4.2.jar:3.4.2]
	at org.springframework.data.jpa.repository.query.JpaQueryLookupStrategy$CreateQueryLookupStrategy.resolveQuery(JpaQueryLookupStrategy.java:128) ~[spring-data-jpa-3.4.2.jar:3.4.2]
	at org.springframework.data.jpa.repository.query.JpaQueryLookupStrategy$CreateIfNotFoundQueryLookupStrategy.resolveQuery(JpaQueryLookupStrategy.java:262) ~[spring-data-jpa-3.4.2.jar:3.4.2]
	at org.springframework.data.jpa.repository.query.JpaQueryLookupStrategy$AbstractQueryLookupStrategy.resolveQuery(JpaQueryLookupStrategy.java:99) ~[spring-data-jpa-3.4.2.jar:3.4.2]
	at org.springframework.data.repository.core.support.QueryExecutorMethodInterceptor.lookupQuery(QueryExecutorMethodInterceptor.java:116) ~[spring-data-commons-3.4.2.jar:3.4.2]
	... 61 common frames omitted
Caused by: org.springframework.data.mapping.PropertyReferenceException: No property 'utente' found for type 'Pagamento'
	at org.springframework.data.mapping.PropertyPath.<init>(PropertyPath.java:94) ~[spring-data-commons-3.4.2.jar:3.4.2]
	at org.springframework.data.mapping.PropertyPath.create(PropertyPath.java:455) ~[spring-data-commons-3.4.2.jar:3.4.2]
	at org.springframework.data.mapping.PropertyPath.create(PropertyPath.java:431) ~[spring-data-commons-3.4.2.jar:3.4.2]
	at org.springframework.data.mapping.PropertyPath.lambda$from$0(PropertyPath.java:384) ~[spring-data-commons-3.4.2.jar:3.4.2]
	at java.base/java.util.concurrent.ConcurrentMap.computeIfAbsent(ConcurrentMap.java:330) ~[na:na]
	at org.springframework.data.mapping.PropertyPath.from(PropertyPath.java:366) ~[spring-data-commons-3.4.2.jar:3.4.2]
	at org.springframework.data.mapping.PropertyPath.from(PropertyPath.java:344) ~[spring-data-commons-3.4.2.jar:3.4.2]
	at org.springframework.data.repository.query.parser.Part.<init>(Part.java:81) ~[spring-data-commons-3.4.2.jar:3.4.2]
	at org.springframework.data.repository.query.parser.PartTree$OrPart.lambda$new$0(PartTree.java:259) ~[spring-data-commons-3.4.2.jar:3.4.2]
	at java.base/java.util.stream.ReferencePipeline$3$1.accept(ReferencePipeline.java:215) ~[na:na]
	at java.base/java.util.stream.ReferencePipeline$2$1.accept(ReferencePipeline.java:197) ~[na:na]
	at java.base/java.util.Spliterators$ArraySpliterator.forEachRemaining(Spliterators.java:1024) ~[na:na]
	at java.base/java.util.stream.AbstractPipeline.copyInto(AbstractPipeline.java:570) ~[na:na]
	at java.base/java.util.stream.AbstractPipeline.wrapAndCopyInto(AbstractPipeline.java:560) ~[na:na]
	at java.base/java.util.stream.ReduceOps$ReduceOp.evaluateSequential(ReduceOps.java:921) ~[na:na]
	at java.base/java.util.stream.AbstractPipeline.evaluate(AbstractPipeline.java:265) ~[na:na]
	at java.base/java.util.stream.ReferencePipeline.collect(ReferencePipeline.java:727) ~[na:na]
	at org.springframework.data.repository.query.parser.PartTree$OrPart.<init>(PartTree.java:260) ~[spring-data-commons-3.4.2.jar:3.4.2]
	at org.springframework.data.repository.query.parser.PartTree$Predicate.lambda$new$0(PartTree.java:389) ~[spring-data-commons-3.4.2.jar:3.4.2]
	at java.base/java.util.stream.ReferencePipeline$3$1.accept(ReferencePipeline.java:215) ~[na:na]
	at java.base/java.util.stream.ReferencePipeline$2$1.accept(ReferencePipeline.java:197) ~[na:na]
	at java.base/java.util.Spliterators$ArraySpliterator.forEachRemaining(Spliterators.java:1024) ~[na:na]
	at java.base/java.util.stream.AbstractPipeline.copyInto(AbstractPipeline.java:570) ~[na:na]
	at java.base/java.util.stream.AbstractPipeline.wrapAndCopyInto(AbstractPipeline.java:560) ~[na:na]
	at java.base/java.util.stream.ReduceOps$ReduceOp.evaluateSequential(ReduceOps.java:921) ~[na:na]
	at java.base/java.util.stream.AbstractPipeline.evaluate(AbstractPipeline.java:265) ~[na:na]
	at java.base/java.util.stream.ReferencePipeline.collect(ReferencePipeline.java:727) ~[na:na]
	at org.springframework.data.repository.query.parser.PartTree$Predicate.<init>(PartTree.java:390) ~[spring-data-commons-3.4.2.jar:3.4.2]
	at org.springframework.data.repository.query.parser.PartTree.<init>(PartTree.java:103) ~[spring-data-commons-3.4.2.jar:3.4.2]
	at org.springframework.data.jpa.repository.query.PartTreeJpaQuery.<init>(PartTreeJpaQuery.java:101) ~[spring-data-jpa-3.4.2.jar:3.4.2]
	... 65 common frames omitted

2025-02-25T10:15:03.530+01:00  INFO 7520 --- [backendEcommerce] [restartedMain] c.b.bec.BackendEcommerceApplication      : Starting BackendEcommerceApplication using Java 23.0.1 with PID 7520 (C:\Backend-ecommerce\backendEcommerce\target\classes started by Betacom in C:\Backend-ecommerce\backendEcommerce)
2025-02-25T10:15:03.531+01:00 DEBUG 7520 --- [backendEcommerce] [restartedMain] c.b.bec.BackendEcommerceApplication      : Running with Spring Boot v3.4.2, Spring v6.2.2
2025-02-25T10:15:03.531+01:00  INFO 7520 --- [backendEcommerce] [restartedMain] c.b.bec.BackendEcommerceApplication      : The following 1 profile is active: "sviluppo"
2025-02-25T10:15:03.713+01:00  INFO 7520 --- [backendEcommerce] [restartedMain] .s.d.r.c.RepositoryConfigurationDelegate : Bootstrapping Spring Data JPA repositories in DEFAULT mode.
2025-02-25T10:15:03.740+01:00  INFO 7520 --- [backendEcommerce] [restartedMain] .s.d.r.c.RepositoryConfigurationDelegate : Finished Spring Data repository scanning in 25 ms. Found 8 JPA repository interfaces.
2025-02-25T10:15:03.872+01:00  INFO 7520 --- [backendEcommerce] [restartedMain] o.s.b.w.embedded.tomcat.TomcatWebServer  : Tomcat initialized with port 9090 (http)
2025-02-25T10:15:03.873+01:00  INFO 7520 --- [backendEcommerce] [restartedMain] o.apache.catalina.core.StandardService   : Starting service [Tomcat]
2025-02-25T10:15:03.875+01:00  INFO 7520 --- [backendEcommerce] [restartedMain] o.apache.catalina.core.StandardEngine    : Starting Servlet engine: [Apache Tomcat/10.1.34]
2025-02-25T10:15:03.897+01:00  INFO 7520 --- [backendEcommerce] [restartedMain] o.a.c.c.C.[Tomcat-3].[localhost].[/]     : Initializing Spring embedded WebApplicationContext
2025-02-25T10:15:03.900+01:00  INFO 7520 --- [backendEcommerce] [restartedMain] w.s.c.ServletWebServerApplicationContext : Root WebApplicationContext: initialization completed in 365 ms
2025-02-25T10:15:03.927+01:00  INFO 7520 --- [backendEcommerce] [restartedMain] com.zaxxer.hikari.HikariDataSource       : HikariPool-6 - Starting...
2025-02-25T10:15:03.947+01:00  INFO 7520 --- [backendEcommerce] [restartedMain] com.zaxxer.hikari.pool.HikariPool        : HikariPool-6 - Added connection com.mysql.cj.jdbc.ConnectionImpl@319dbddc
2025-02-25T10:15:03.947+01:00  INFO 7520 --- [backendEcommerce] [restartedMain] com.zaxxer.hikari.HikariDataSource       : HikariPool-6 - Start completed.
2025-02-25T10:15:03.962+01:00  INFO 7520 --- [backendEcommerce] [restartedMain] o.hibernate.jpa.internal.util.LogHelper  : HHH000204: Processing PersistenceUnitInfo [name: default]
2025-02-25T10:15:03.964+01:00  INFO 7520 --- [backendEcommerce] [restartedMain] o.h.c.internal.RegionFactoryInitiator    : HHH000026: Second-level cache disabled
2025-02-25T10:15:03.973+01:00  INFO 7520 --- [backendEcommerce] [restartedMain] o.s.o.j.p.SpringPersistenceUnitInfo      : No LoadTimeWeaver setup: ignoring JPA class transformer
2025-02-25T10:15:03.977+01:00  INFO 7520 --- [backendEcommerce] [restartedMain] org.hibernate.orm.connections.pooling    : HHH10001005: Database info:
	Database JDBC URL [Connecting through datasource 'HikariDataSource (HikariPool-6)']
	Database driver: undefined/unknown
	Database version: 8.0.40
	Autocommit mode: undefined/unknown
	Isolation level: undefined/unknown
	Minimum pool size: undefined/unknown
	Maximum pool size: undefined/unknown
2025-02-25T10:15:04.022+01:00  WARN 7520 --- [backendEcommerce] [restartedMain] org.hibernate.mapping.RootClass          : HHH000038: Composite-id class does not override equals(): com.betacom.bec.models.MessageID
2025-02-25T10:15:04.022+01:00  WARN 7520 --- [backendEcommerce] [restartedMain] org.hibernate.mapping.RootClass          : HHH000039: Composite-id class does not override hashCode(): com.betacom.bec.models.MessageID
2025-02-25T10:15:04.122+01:00  INFO 7520 --- [backendEcommerce] [restartedMain] o.h.e.t.j.p.i.JtaPlatformInitiator       : HHH000489: No JTA platform available (set 'hibernate.transaction.jta.platform' to enable JTA platform integration)
2025-02-25T10:15:04.130+01:00  INFO 7520 --- [backendEcommerce] [restartedMain] j.LocalContainerEntityManagerFactoryBean : Initialized JPA EntityManagerFactory for persistence unit 'default'
2025-02-25T10:15:04.433+01:00  WARN 7520 --- [backendEcommerce] [restartedMain] JpaBaseConfiguration$JpaWebConfiguration : spring.jpa.open-in-view is enabled by default. Therefore, database queries may be performed during view rendering. Explicitly configure spring.jpa.open-in-view to disable this warning
2025-02-25T10:15:04.519+01:00  WARN 7520 --- [backendEcommerce] [restartedMain] ion$DefaultTemplateResolverConfiguration : Cannot find template location: classpath:/templates/ (please add some templates, check your Thymeleaf configuration, or set spring.thymeleaf.check-template-location=false)
2025-02-25T10:15:04.541+01:00  INFO 7520 --- [backendEcommerce] [restartedMain] o.s.b.d.a.OptionalLiveReloadServer       : LiveReload server is running on port 35729
2025-02-25T10:15:04.553+01:00  INFO 7520 --- [backendEcommerce] [restartedMain] o.s.b.w.embedded.tomcat.TomcatWebServer  : Tomcat started on port 9090 (http) with context path '/'
2025-02-25T10:15:04.555+01:00  INFO 7520 --- [backendEcommerce] [restartedMain] c.b.bec.BackendEcommerceApplication      : Started BackendEcommerceApplication in 1.065 seconds (process running for 2216.668)
2025-02-25T10:15:04.559+01:00  INFO 7520 --- [backendEcommerce] [restartedMain] .ConditionEvaluationDeltaLoggingListener : Condition evaluation unchanged
2025-02-25T10:15:15.301+01:00  INFO 7520 --- [backendEcommerce] [File Watcher] rtingClassPathChangeChangedEventListener : Restarting due to 1 class path change (0 additions, 0 deletions, 1 modification)
2025-02-25T10:15:15.302+01:00  INFO 7520 --- [backendEcommerce] [Thread-11] o.s.b.w.e.tomcat.GracefulShutdown        : Commencing graceful shutdown. Waiting for active requests to complete
2025-02-25T10:15:15.319+01:00  INFO 7520 --- [backendEcommerce] [tomcat-shutdown] o.s.b.w.e.tomcat.GracefulShutdown        : Graceful shutdown complete
2025-02-25T10:15:15.322+01:00  INFO 7520 --- [backendEcommerce] [Thread-11] j.LocalContainerEntityManagerFactoryBean : Closing JPA EntityManagerFactory for persistence unit 'default'
2025-02-25T10:15:15.322+01:00  INFO 7520 --- [backendEcommerce] [Thread-11] com.zaxxer.hikari.HikariDataSource       : HikariPool-6 - Shutdown initiated...
2025-02-25T10:15:15.329+01:00  INFO 7520 --- [backendEcommerce] [Thread-11] com.zaxxer.hikari.HikariDataSource       : HikariPool-6 - Shutdown completed.
2025-02-25T10:15:15.426+01:00  INFO 7520 --- [backendEcommerce] [restartedMain] c.b.bec.BackendEcommerceApplication      : Starting BackendEcommerceApplication using Java 23.0.1 with PID 7520 (C:\Backend-ecommerce\backendEcommerce\target\classes started by Betacom in C:\Backend-ecommerce\backendEcommerce)
2025-02-25T10:15:15.427+01:00 DEBUG 7520 --- [backendEcommerce] [restartedMain] c.b.bec.BackendEcommerceApplication      : Running with Spring Boot v3.4.2, Spring v6.2.2
2025-02-25T10:15:15.427+01:00  INFO 7520 --- [backendEcommerce] [restartedMain] c.b.bec.BackendEcommerceApplication      : The following 1 profile is active: "sviluppo"
2025-02-25T10:15:15.615+01:00  INFO 7520 --- [backendEcommerce] [restartedMain] .s.d.r.c.RepositoryConfigurationDelegate : Bootstrapping Spring Data JPA repositories in DEFAULT mode.
2025-02-25T10:15:15.646+01:00  INFO 7520 --- [backendEcommerce] [restartedMain] .s.d.r.c.RepositoryConfigurationDelegate : Finished Spring Data repository scanning in 29 ms. Found 8 JPA repository interfaces.
2025-02-25T10:15:15.721+01:00  INFO 7520 --- [backendEcommerce] [restartedMain] o.s.b.w.embedded.tomcat.TomcatWebServer  : Tomcat initialized with port 9090 (http)
2025-02-25T10:15:15.722+01:00  INFO 7520 --- [backendEcommerce] [restartedMain] o.apache.catalina.core.StandardService   : Starting service [Tomcat]
2025-02-25T10:15:15.723+01:00  INFO 7520 --- [backendEcommerce] [restartedMain] o.apache.catalina.core.StandardEngine    : Starting Servlet engine: [Apache Tomcat/10.1.34]
2025-02-25T10:15:15.741+01:00  INFO 7520 --- [backendEcommerce] [restartedMain] o.a.c.c.C.[Tomcat-3].[localhost].[/]     : Initializing Spring embedded WebApplicationContext
2025-02-25T10:15:15.742+01:00  INFO 7520 --- [backendEcommerce] [restartedMain] w.s.c.ServletWebServerApplicationContext : Root WebApplicationContext: initialization completed in 309 ms
2025-02-25T10:15:15.773+01:00  INFO 7520 --- [backendEcommerce] [restartedMain] com.zaxxer.hikari.HikariDataSource       : HikariPool-7 - Starting...
2025-02-25T10:15:15.795+01:00  INFO 7520 --- [backendEcommerce] [restartedMain] com.zaxxer.hikari.pool.HikariPool        : HikariPool-7 - Added connection com.mysql.cj.jdbc.ConnectionImpl@799dec99
2025-02-25T10:15:15.796+01:00  INFO 7520 --- [backendEcommerce] [restartedMain] com.zaxxer.hikari.HikariDataSource       : HikariPool-7 - Start completed.
2025-02-25T10:15:15.808+01:00  INFO 7520 --- [backendEcommerce] [restartedMain] o.hibernate.jpa.internal.util.LogHelper  : HHH000204: Processing PersistenceUnitInfo [name: default]
2025-02-25T10:15:15.811+01:00  INFO 7520 --- [backendEcommerce] [restartedMain] o.h.c.internal.RegionFactoryInitiator    : HHH000026: Second-level cache disabled
2025-02-25T10:15:15.821+01:00  INFO 7520 --- [backendEcommerce] [restartedMain] o.s.o.j.p.SpringPersistenceUnitInfo      : No LoadTimeWeaver setup: ignoring JPA class transformer
2025-02-25T10:15:15.825+01:00  INFO 7520 --- [backendEcommerce] [restartedMain] org.hibernate.orm.connections.pooling    : HHH10001005: Database info:
	Database JDBC URL [Connecting through datasource 'HikariDataSource (HikariPool-7)']
	Database driver: undefined/unknown
	Database version: 8.0.40
	Autocommit mode: undefined/unknown
	Isolation level: undefined/unknown
	Minimum pool size: undefined/unknown
	Maximum pool size: undefined/unknown
2025-02-25T10:15:15.858+01:00  WARN 7520 --- [backendEcommerce] [restartedMain] org.hibernate.mapping.RootClass          : HHH000038: Composite-id class does not override equals(): com.betacom.bec.models.MessageID
2025-02-25T10:15:15.858+01:00  WARN 7520 --- [backendEcommerce] [restartedMain] org.hibernate.mapping.RootClass          : HHH000039: Composite-id class does not override hashCode(): com.betacom.bec.models.MessageID
2025-02-25T10:15:15.937+01:00  INFO 7520 --- [backendEcommerce] [restartedMain] o.h.e.t.j.p.i.JtaPlatformInitiator       : HHH000489: No JTA platform available (set 'hibernate.transaction.jta.platform' to enable JTA platform integration)
2025-02-25T10:15:15.942+01:00  INFO 7520 --- [backendEcommerce] [restartedMain] j.LocalContainerEntityManagerFactoryBean : Initialized JPA EntityManagerFactory for persistence unit 'default'
2025-02-25T10:15:16.204+01:00  WARN 7520 --- [backendEcommerce] [restartedMain] JpaBaseConfiguration$JpaWebConfiguration : spring.jpa.open-in-view is enabled by default. Therefore, database queries may be performed during view rendering. Explicitly configure spring.jpa.open-in-view to disable this warning
2025-02-25T10:15:16.265+01:00  WARN 7520 --- [backendEcommerce] [restartedMain] ion$DefaultTemplateResolverConfiguration : Cannot find template location: classpath:/templates/ (please add some templates, check your Thymeleaf configuration, or set spring.thymeleaf.check-template-location=false)
2025-02-25T10:15:16.289+01:00  INFO 7520 --- [backendEcommerce] [restartedMain] o.s.b.d.a.OptionalLiveReloadServer       : LiveReload server is running on port 35729
2025-02-25T10:15:16.297+01:00  INFO 7520 --- [backendEcommerce] [restartedMain] o.s.b.w.embedded.tomcat.TomcatWebServer  : Tomcat started on port 9090 (http) with context path '/'
2025-02-25T10:15:16.301+01:00  INFO 7520 --- [backendEcommerce] [restartedMain] c.b.bec.BackendEcommerceApplication      : Started BackendEcommerceApplication in 0.904 seconds (process running for 2228.416)
2025-02-25T10:15:16.305+01:00  INFO 7520 --- [backendEcommerce] [restartedMain] .ConditionEvaluationDeltaLoggingListener : Condition evaluation unchanged
2025-02-25T10:15:22.240+01:00  INFO 7520 --- [backendEcommerce] [http-nio-9090-exec-2] o.a.c.c.C.[Tomcat-3].[localhost].[/]     : Initializing Spring DispatcherServlet 'dispatcherServlet'
2025-02-25T10:15:22.240+01:00  INFO 7520 --- [backendEcommerce] [http-nio-9090-exec-2] o.s.web.servlet.DispatcherServlet        : Initializing Servlet 'dispatcherServlet'
2025-02-25T10:15:22.242+01:00  INFO 7520 --- [backendEcommerce] [http-nio-9090-exec-2] o.s.web.servlet.DispatcherServlet        : Completed initialization in 2 ms
2025-02-25T10:15:22.247+01:00 DEBUG 7520 --- [backendEcommerce] [http-nio-9090-exec-2] c.b.bec.controller.PagamentoController   : Recupero della lista completa dei pagamenti
2025-02-25T10:15:22.260+01:00 DEBUG 7520 --- [backendEcommerce] [http-nio-9090-exec-2] c.b.b.s.implementations.PagamentoImpl    : Pagamento ID: 1, User ID: 1
2025-02-25T10:15:28.529+01:00 DEBUG 7520 --- [backendEcommerce] [http-nio-9090-exec-3] c.b.bec.controller.PagamentoController   : Recupero della lista completa dei pagamenti
2025-02-25T10:15:28.540+01:00 DEBUG 7520 --- [backendEcommerce] [http-nio-9090-exec-3] c.b.b.s.implementations.PagamentoImpl    : Pagamento ID: 1, User ID: 1
2025-02-25T10:15:29.429+01:00 DEBUG 7520 --- [backendEcommerce] [http-nio-9090-exec-4] c.b.bec.controller.PagamentoController   : Recupero della lista completa dei pagamenti
2025-02-25T10:15:29.434+01:00 DEBUG 7520 --- [backendEcommerce] [http-nio-9090-exec-4] c.b.b.s.implementations.PagamentoImpl    : Pagamento ID: 1, User ID: 1
2025-02-25T10:16:10.866+01:00 DEBUG 7520 --- [backendEcommerce] [http-nio-9090-exec-6] c.b.bec.controller.PagamentoController   : Recupero della lista completa dei pagamenti
2025-02-25T10:16:10.878+01:00 DEBUG 7520 --- [backendEcommerce] [http-nio-9090-exec-6] c.b.b.s.implementations.PagamentoImpl    : Pagamento ID: 1, User ID: 1
2025-02-25T10:16:15.583+01:00 DEBUG 7520 --- [backendEcommerce] [http-nio-9090-exec-7] c.b.bec.controller.ProdottoController    : List 
2025-02-25T10:16:18.507+01:00 DEBUG 7520 --- [backendEcommerce] [http-nio-9090-exec-8] c.b.bec.controller.PagamentoController   : Recupero della lista completa dei pagamenti
2025-02-25T10:16:18.516+01:00 DEBUG 7520 --- [backendEcommerce] [http-nio-9090-exec-8] c.b.b.s.implementations.PagamentoImpl    : Pagamento ID: 1, User ID: 1
2025-02-25T10:16:36.135+01:00 DEBUG 7520 --- [backendEcommerce] [http-nio-9090-exec-10] c.b.bec.controller.PagamentoController   : Recupero della lista completa dei pagamenti
2025-02-25T10:16:36.147+01:00 DEBUG 7520 --- [backendEcommerce] [http-nio-9090-exec-10] c.b.b.s.implementations.PagamentoImpl    : Pagamento ID: 1, User ID: 1
2025-02-25T10:16:48.551+01:00 DEBUG 7520 --- [backendEcommerce] [http-nio-9090-exec-1] c.b.bec.controller.PagamentoController   : Recupero della lista completa dei pagamenti
2025-02-25T10:16:48.561+01:00 DEBUG 7520 --- [backendEcommerce] [http-nio-9090-exec-1] c.b.b.s.implementations.PagamentoImpl    : Pagamento ID: 1, User ID: 1
2025-02-25T10:16:49.145+01:00 DEBUG 7520 --- [backendEcommerce] [http-nio-9090-exec-2] c.b.bec.controller.PagamentoController   : Recupero della lista completa dei pagamenti
2025-02-25T10:16:49.151+01:00 DEBUG 7520 --- [backendEcommerce] [http-nio-9090-exec-2] c.b.b.s.implementations.PagamentoImpl    : Pagamento ID: 1, User ID: 1
2025-02-25T10:16:49.366+01:00 DEBUG 7520 --- [backendEcommerce] [http-nio-9090-exec-3] c.b.bec.controller.PagamentoController   : Recupero della lista completa dei pagamenti
2025-02-25T10:16:49.378+01:00 DEBUG 7520 --- [backendEcommerce] [http-nio-9090-exec-3] c.b.b.s.implementations.PagamentoImpl    : Pagamento ID: 1, User ID: 1
2025-02-25T10:17:09.198+01:00 DEBUG 7520 --- [backendEcommerce] [http-nio-9090-exec-4] c.b.bec.controller.PagamentoController   : Recupero della lista completa dei pagamenti
2025-02-25T10:17:09.206+01:00 DEBUG 7520 --- [backendEcommerce] [http-nio-9090-exec-4] c.b.b.s.implementations.PagamentoImpl    : Pagamento ID: 1, User ID: 1
2025-02-25T10:17:20.587+01:00 DEBUG 7520 --- [backendEcommerce] [http-nio-9090-exec-5] c.b.bec.controller.PagamentoController   : Recupero della lista completa dei pagamenti
2025-02-25T10:17:20.594+01:00 DEBUG 7520 --- [backendEcommerce] [http-nio-9090-exec-5] c.b.b.s.implementations.PagamentoImpl    : Pagamento ID: 1, User ID: 1
2025-02-25T10:17:48.197+01:00 DEBUG 7520 --- [backendEcommerce] [http-nio-9090-exec-6] c.b.bec.controller.OrdineController      : List ordini
2025-02-25T10:18:11.925+01:00 DEBUG 7520 --- [backendEcommerce] [http-nio-9090-exec-7] c.b.bec.controller.UtenteController      : List 
2025-02-25T10:18:17.931+01:00 DEBUG 7520 --- [backendEcommerce] [http-nio-9090-exec-8] c.b.bec.controller.ProdottoController    : List 
2025-02-25T10:18:23.355+01:00 DEBUG 7520 --- [backendEcommerce] [http-nio-9090-exec-9] c.b.bec.controller.PagamentoController   : Recupero della lista completa dei pagamenti
2025-02-25T10:18:23.367+01:00 DEBUG 7520 --- [backendEcommerce] [http-nio-9090-exec-9] c.b.b.s.implementations.PagamentoImpl    : Pagamento ID: 1, User ID: 1
2025-02-25T10:18:31.056+01:00 DEBUG 7520 --- [backendEcommerce] [http-nio-9090-exec-10] c.b.bec.controller.OrdineController      : List ordini
