2025-02-18T10:55:41.973+01:00  INFO 24308 --- [frontendEcommerce] [restartedMain] c.b.fe.FrontendEcommerceApplication      : Starting FrontendEcommerceApplication using Java 21.0.3 with PID 24308 (C:\Users\utente\Desktop\ProgettoBetacom\frontendEcommerce\target\classes started by utente in C:\Users\utente\Desktop\ProgettoBetacom\frontendEcommerce)
2025-02-18T10:55:41.992+01:00 DEBUG 24308 --- [frontendEcommerce] [restartedMain] c.b.fe.FrontendEcommerceApplication      : Running with Spring Boot v3.4.2, Spring v6.2.2
2025-02-18T10:55:41.994+01:00  INFO 24308 --- [frontendEcommerce] [restartedMain] c.b.fe.FrontendEcommerceApplication      : No active profile set, falling back to 1 default profile: "default"
2025-02-18T10:55:42.095+01:00  INFO 24308 --- [frontendEcommerce] [restartedMain] .e.DevToolsPropertyDefaultsPostProcessor : Devtools property defaults active! Set 'spring.devtools.add-properties' to 'false' to disable
2025-02-18T10:55:42.096+01:00  INFO 24308 --- [frontendEcommerce] [restartedMain] .e.DevToolsPropertyDefaultsPostProcessor : For additional web related logging consider setting the 'logging.level.web' property to 'DEBUG'
2025-02-18T10:55:44.097+01:00  INFO 24308 --- [frontendEcommerce] [restartedMain] o.s.b.w.embedded.tomcat.TomcatWebServer  : Tomcat initialized with port 8080 (http)
2025-02-18T10:55:44.127+01:00  INFO 24308 --- [frontendEcommerce] [restartedMain] o.apache.catalina.core.StandardService   : Starting service [Tomcat]
2025-02-18T10:55:44.128+01:00  INFO 24308 --- [frontendEcommerce] [restartedMain] o.apache.catalina.core.StandardEngine    : Starting Servlet engine: [Apache Tomcat/10.1.34]
2025-02-18T10:55:44.228+01:00  INFO 24308 --- [frontendEcommerce] [restartedMain] o.a.c.c.C.[Tomcat].[localhost].[/]       : Initializing Spring embedded WebApplicationContext
2025-02-18T10:55:44.229+01:00  INFO 24308 --- [frontendEcommerce] [restartedMain] w.s.c.ServletWebServerApplicationContext : Root WebApplicationContext: initialization completed in 2131 ms
2025-02-18T10:55:45.121+01:00  WARN 24308 --- [frontendEcommerce] [restartedMain] o.s.b.d.a.OptionalLiveReloadServer       : Unable to start LiveReload server
2025-02-18T10:55:45.166+01:00  INFO 24308 --- [frontendEcommerce] [restartedMain] o.s.b.w.embedded.tomcat.TomcatWebServer  : Tomcat started on port 8080 (http) with context path '/'
2025-02-18T10:55:45.183+01:00  INFO 24308 --- [frontendEcommerce] [restartedMain] c.b.fe.FrontendEcommerceApplication      : Started FrontendEcommerceApplication in 4.787 seconds (process running for 5.616)
2025-02-18T10:56:29.760+01:00  INFO 24308 --- [frontendEcommerce] [File Watcher] rtingClassPathChangeChangedEventListener : Restarting due to 4 class path changes (0 additions, 0 deletions, 4 modifications)
2025-02-18T10:56:29.769+01:00  INFO 24308 --- [frontendEcommerce] [Thread-1] o.s.b.w.e.tomcat.GracefulShutdown        : Commencing graceful shutdown. Waiting for active requests to complete
2025-02-18T10:56:29.784+01:00  INFO 24308 --- [frontendEcommerce] [tomcat-shutdown] o.s.b.w.e.tomcat.GracefulShutdown        : Graceful shutdown complete
2025-02-18T10:56:29.984+01:00  INFO 24308 --- [frontendEcommerce] [restartedMain] c.b.fe.FrontendEcommerceApplication      : Starting FrontendEcommerceApplication using Java 21.0.3 with PID 24308 (C:\Users\utente\Desktop\ProgettoBetacom\frontendEcommerce\target\classes started by utente in C:\Users\utente\Desktop\ProgettoBetacom\frontendEcommerce)
2025-02-18T10:56:29.984+01:00 DEBUG 24308 --- [frontendEcommerce] [restartedMain] c.b.fe.FrontendEcommerceApplication      : Running with Spring Boot v3.4.2, Spring v6.2.2
2025-02-18T10:56:29.985+01:00  INFO 24308 --- [frontendEcommerce] [restartedMain] c.b.fe.FrontendEcommerceApplication      : No active profile set, falling back to 1 default profile: "default"
2025-02-18T10:56:30.568+01:00  INFO 24308 --- [frontendEcommerce] [restartedMain] o.s.b.w.embedded.tomcat.TomcatWebServer  : Tomcat initialized with port 8080 (http)
2025-02-18T10:56:30.570+01:00  INFO 24308 --- [frontendEcommerce] [restartedMain] o.apache.catalina.core.StandardService   : Starting service [Tomcat]
2025-02-18T10:56:30.571+01:00  INFO 24308 --- [frontendEcommerce] [restartedMain] o.apache.catalina.core.StandardEngine    : Starting Servlet engine: [Apache Tomcat/10.1.34]
2025-02-18T10:56:30.613+01:00  INFO 24308 --- [frontendEcommerce] [restartedMain] o.a.c.c.C.[Tomcat].[localhost].[/]       : Initializing Spring embedded WebApplicationContext
2025-02-18T10:56:30.651+01:00  INFO 24308 --- [frontendEcommerce] [restartedMain] w.s.c.ServletWebServerApplicationContext : Root WebApplicationContext: initialization completed in 656 ms
2025-02-18T10:56:30.807+01:00  WARN 24308 --- [frontendEcommerce] [restartedMain] o.s.b.d.a.OptionalLiveReloadServer       : Unable to start LiveReload server
2025-02-18T10:56:30.822+01:00  INFO 24308 --- [frontendEcommerce] [restartedMain] o.s.b.w.embedded.tomcat.TomcatWebServer  : Tomcat started on port 8080 (http) with context path '/'
2025-02-18T10:56:30.828+01:00  INFO 24308 --- [frontendEcommerce] [restartedMain] c.b.fe.FrontendEcommerceApplication      : Started FrontendEcommerceApplication in 0.935 seconds (process running for 51.261)
2025-02-18T10:56:30.831+01:00  INFO 24308 --- [frontendEcommerce] [restartedMain] .ConditionEvaluationDeltaLoggingListener : Condition evaluation unchanged
2025-02-18T10:57:00.394+01:00  INFO 24308 --- [frontendEcommerce] [http-nio-8080-exec-3] o.a.c.c.C.[Tomcat].[localhost].[/]       : Initializing Spring DispatcherServlet 'dispatcherServlet'
2025-02-18T10:57:00.395+01:00  INFO 24308 --- [frontendEcommerce] [http-nio-8080-exec-3] o.s.web.servlet.DispatcherServlet        : Initializing Servlet 'dispatcherServlet'
2025-02-18T10:57:00.398+01:00  INFO 24308 --- [frontendEcommerce] [http-nio-8080-exec-3] o.s.web.servlet.DispatcherServlet        : Completed initialization in 2 ms
2025-02-18T11:31:10.927+01:00  INFO 15888 --- [frontendEcommerce] [restartedMain] c.b.fe.FrontendEcommerceApplication      : Starting FrontendEcommerceApplication using Java 21.0.3 with PID 15888 (C:\Users\utente\Desktop\ProgettoBetacom\frontendEcommerce\target\classes started by utente in C:\Users\utente\Desktop\ProgettoBetacom\frontendEcommerce)
2025-02-18T11:31:10.930+01:00 DEBUG 15888 --- [frontendEcommerce] [restartedMain] c.b.fe.FrontendEcommerceApplication      : Running with Spring Boot v3.4.2, Spring v6.2.2
2025-02-18T11:31:10.931+01:00  INFO 15888 --- [frontendEcommerce] [restartedMain] c.b.fe.FrontendEcommerceApplication      : No active profile set, falling back to 1 default profile: "default"
2025-02-18T11:31:10.988+01:00  INFO 15888 --- [frontendEcommerce] [restartedMain] .e.DevToolsPropertyDefaultsPostProcessor : Devtools property defaults active! Set 'spring.devtools.add-properties' to 'false' to disable
2025-02-18T11:31:10.988+01:00  INFO 15888 --- [frontendEcommerce] [restartedMain] .e.DevToolsPropertyDefaultsPostProcessor : For additional web related logging consider setting the 'logging.level.web' property to 'DEBUG'
2025-02-18T11:31:12.248+01:00  INFO 15888 --- [frontendEcommerce] [restartedMain] o.s.b.w.embedded.tomcat.TomcatWebServer  : Tomcat initialized with port 8080 (http)
2025-02-18T11:31:12.291+01:00  INFO 15888 --- [frontendEcommerce] [restartedMain] o.apache.catalina.core.StandardService   : Starting service [Tomcat]
2025-02-18T11:31:12.291+01:00  INFO 15888 --- [frontendEcommerce] [restartedMain] o.apache.catalina.core.StandardEngine    : Starting Servlet engine: [Apache Tomcat/10.1.34]
2025-02-18T11:31:12.358+01:00  INFO 15888 --- [frontendEcommerce] [restartedMain] o.a.c.c.C.[Tomcat].[localhost].[/]       : Initializing Spring embedded WebApplicationContext
2025-02-18T11:31:12.359+01:00  INFO 15888 --- [frontendEcommerce] [restartedMain] w.s.c.ServletWebServerApplicationContext : Root WebApplicationContext: initialization completed in 1370 ms
2025-02-18T11:31:13.063+01:00  WARN 15888 --- [frontendEcommerce] [restartedMain] o.s.b.d.a.OptionalLiveReloadServer       : Unable to start LiveReload server
2025-02-18T11:31:13.127+01:00  INFO 15888 --- [frontendEcommerce] [restartedMain] o.s.b.w.embedded.tomcat.TomcatWebServer  : Tomcat started on port 8080 (http) with context path '/'
2025-02-18T11:31:13.150+01:00  INFO 15888 --- [frontendEcommerce] [restartedMain] c.b.fe.FrontendEcommerceApplication      : Started FrontendEcommerceApplication in 2.745 seconds (process running for 3.389)
2025-02-18T11:31:23.612+01:00  INFO 15888 --- [frontendEcommerce] [http-nio-8080-exec-1] o.a.c.c.C.[Tomcat].[localhost].[/]       : Initializing Spring DispatcherServlet 'dispatcherServlet'
2025-02-18T11:31:23.612+01:00  INFO 15888 --- [frontendEcommerce] [http-nio-8080-exec-1] o.s.web.servlet.DispatcherServlet        : Initializing Servlet 'dispatcherServlet'
2025-02-18T11:31:23.614+01:00  INFO 15888 --- [frontendEcommerce] [http-nio-8080-exec-1] o.s.web.servlet.DispatcherServlet        : Completed initialization in 1 ms
2025-02-18T14:26:31.390+01:00  INFO 20280 --- [frontendEcommerce] [restartedMain] c.b.fe.FrontendEcommerceApplication      : Starting FrontendEcommerceApplication using Java 21.0.3 with PID 20280 (C:\Users\utente\Desktop\ProgettoBetacom\frontendEcommerce\target\classes started by utente in C:\Users\utente\Desktop\ProgettoBetacom\frontendEcommerce)
2025-02-18T14:26:31.394+01:00 DEBUG 20280 --- [frontendEcommerce] [restartedMain] c.b.fe.FrontendEcommerceApplication      : Running with Spring Boot v3.4.2, Spring v6.2.2
2025-02-18T14:26:31.395+01:00  INFO 20280 --- [frontendEcommerce] [restartedMain] c.b.fe.FrontendEcommerceApplication      : No active profile set, falling back to 1 default profile: "default"
2025-02-18T14:26:31.466+01:00  INFO 20280 --- [frontendEcommerce] [restartedMain] .e.DevToolsPropertyDefaultsPostProcessor : Devtools property defaults active! Set 'spring.devtools.add-properties' to 'false' to disable
2025-02-18T14:26:31.466+01:00  INFO 20280 --- [frontendEcommerce] [restartedMain] .e.DevToolsPropertyDefaultsPostProcessor : For additional web related logging consider setting the 'logging.level.web' property to 'DEBUG'
2025-02-18T14:26:32.741+01:00  INFO 20280 --- [frontendEcommerce] [restartedMain] o.s.b.w.embedded.tomcat.TomcatWebServer  : Tomcat initialized with port 8080 (http)
2025-02-18T14:26:32.757+01:00  INFO 20280 --- [frontendEcommerce] [restartedMain] o.apache.catalina.core.StandardService   : Starting service [Tomcat]
2025-02-18T14:26:32.758+01:00  INFO 20280 --- [frontendEcommerce] [restartedMain] o.apache.catalina.core.StandardEngine    : Starting Servlet engine: [Apache Tomcat/10.1.34]
2025-02-18T14:26:32.840+01:00  INFO 20280 --- [frontendEcommerce] [restartedMain] o.a.c.c.C.[Tomcat].[localhost].[/]       : Initializing Spring embedded WebApplicationContext
2025-02-18T14:26:32.841+01:00  INFO 20280 --- [frontendEcommerce] [restartedMain] w.s.c.ServletWebServerApplicationContext : Root WebApplicationContext: initialization completed in 1374 ms
2025-02-18T14:26:33.479+01:00  INFO 20280 --- [frontendEcommerce] [restartedMain] o.s.b.d.a.OptionalLiveReloadServer       : LiveReload server is running on port 35729
2025-02-18T14:26:33.511+01:00  INFO 20280 --- [frontendEcommerce] [restartedMain] o.s.b.w.embedded.tomcat.TomcatWebServer  : Tomcat started on port 8080 (http) with context path '/'
2025-02-18T14:26:33.520+01:00  INFO 20280 --- [frontendEcommerce] [restartedMain] c.b.fe.FrontendEcommerceApplication      : Started FrontendEcommerceApplication in 2.719 seconds (process running for 3.519)
2025-02-18T14:41:57.535+01:00  INFO 20280 --- [frontendEcommerce] [http-nio-8080-exec-1] o.a.c.c.C.[Tomcat].[localhost].[/]       : Initializing Spring DispatcherServlet 'dispatcherServlet'
2025-02-18T14:41:57.536+01:00  INFO 20280 --- [frontendEcommerce] [http-nio-8080-exec-1] o.s.web.servlet.DispatcherServlet        : Initializing Servlet 'dispatcherServlet'
2025-02-18T14:41:57.538+01:00  INFO 20280 --- [frontendEcommerce] [http-nio-8080-exec-1] o.s.web.servlet.DispatcherServlet        : Completed initialization in 2 ms
2025-02-19T09:12:32.927+01:00  INFO 12372 --- [frontendEcommerce] [restartedMain] c.b.fe.FrontendEcommerceApplication      : Starting FrontendEcommerceApplication using Java 23.0.1 with PID 12372 (C:\Backend-ecommerce\frontendEcommerce\target\classes started by Betacom in C:\Backend-ecommerce\frontendEcommerce)
2025-02-19T09:12:32.931+01:00 DEBUG 12372 --- [frontendEcommerce] [restartedMain] c.b.fe.FrontendEcommerceApplication      : Running with Spring Boot v3.4.2, Spring v6.2.2
2025-02-19T09:12:32.933+01:00  INFO 12372 --- [frontendEcommerce] [restartedMain] c.b.fe.FrontendEcommerceApplication      : No active profile set, falling back to 1 default profile: "default"
2025-02-19T09:12:33.056+01:00  INFO 12372 --- [frontendEcommerce] [restartedMain] .e.DevToolsPropertyDefaultsPostProcessor : Devtools property defaults active! Set 'spring.devtools.add-properties' to 'false' to disable
2025-02-19T09:12:33.057+01:00  INFO 12372 --- [frontendEcommerce] [restartedMain] .e.DevToolsPropertyDefaultsPostProcessor : For additional web related logging consider setting the 'logging.level.web' property to 'DEBUG'
2025-02-19T09:12:34.700+01:00  INFO 12372 --- [frontendEcommerce] [restartedMain] o.s.b.w.embedded.tomcat.TomcatWebServer  : Tomcat initialized with port 8080 (http)
2025-02-19T09:12:34.723+01:00  INFO 12372 --- [frontendEcommerce] [restartedMain] o.apache.catalina.core.StandardService   : Starting service [Tomcat]
2025-02-19T09:12:34.724+01:00  INFO 12372 --- [frontendEcommerce] [restartedMain] o.apache.catalina.core.StandardEngine    : Starting Servlet engine: [Apache Tomcat/10.1.34]
2025-02-19T09:12:34.774+01:00  INFO 12372 --- [frontendEcommerce] [restartedMain] o.a.c.c.C.[Tomcat].[localhost].[/]       : Initializing Spring embedded WebApplicationContext
2025-02-19T09:12:34.774+01:00  INFO 12372 --- [frontendEcommerce] [restartedMain] w.s.c.ServletWebServerApplicationContext : Root WebApplicationContext: initialization completed in 1717 ms
2025-02-19T09:12:35.518+01:00  INFO 12372 --- [frontendEcommerce] [restartedMain] o.s.b.d.a.OptionalLiveReloadServer       : LiveReload server is running on port 35729
2025-02-19T09:12:35.550+01:00  INFO 12372 --- [frontendEcommerce] [restartedMain] o.s.b.w.embedded.tomcat.TomcatWebServer  : Tomcat started on port 8080 (http) with context path '/'
2025-02-19T09:12:35.564+01:00  INFO 12372 --- [frontendEcommerce] [restartedMain] c.b.fe.FrontendEcommerceApplication      : Started FrontendEcommerceApplication in 3.272 seconds (process running for 3.911)
2025-02-19T09:13:12.990+01:00  INFO 12372 --- [frontendEcommerce] [http-nio-8080-exec-1] o.a.c.c.C.[Tomcat].[localhost].[/]       : Initializing Spring DispatcherServlet 'dispatcherServlet'
2025-02-19T09:13:12.990+01:00  INFO 12372 --- [frontendEcommerce] [http-nio-8080-exec-1] o.s.web.servlet.DispatcherServlet        : Initializing Servlet 'dispatcherServlet'
2025-02-19T09:13:12.992+01:00  INFO 12372 --- [frontendEcommerce] [http-nio-8080-exec-1] o.s.web.servlet.DispatcherServlet        : Completed initialization in 2 ms
2025-02-19T10:07:45.626+01:00  WARN 12372 --- [frontendEcommerce] [http-nio-8080-exec-5] o.a.c.w.AbstractFileResourceSet          : Resource for web application [] at path [/...] was not loaded as the canonical path [/] did not match. Use of symlinks is one possible cause.
